Command Line Args: Namespace(config_file='configs/COCO-Keypoints/keypoint_rcnn_r18_FPN_1x.yaml', dist_url='tcp://127.0.0.1:62697', eval_only=False, machine_rank=0, num_gpus=4, num_machines=1, opts=['SOLVER.BASE_LR', '0.015', 'SOLVER.WARMUP_ITERS', '2000', 'SOLVER.WARMUP_FACTOR', '5e-4', 'LOTTERY_KEEP_PERCENTAGE', '0.4', 'NUM_ROUNDS', '2', 'OUTPUT_DIR', 'output/keypoint_rcnn_r18_fpn_warm2k_lr_0.015_prune_40_late_reset_hao', 'LATE_RESET_CKPT', 'output/keypoint_r18_fpn_warm1k_lr.015/model_0003534.pth', 'MODEL.WEIGHTS', 'output/keypoint_r18_fpn_warm1k_lr.015/model_final.pth'], resume=True)
[32m[11/12 18:25:39 detectron2]: [0mRank of current process: 0. World size: 4
[32m[11/12 18:25:40 detectron2]: [0mEnvironment info:
----------------------  --------------------------------------------------------------------------------------------
sys.platform            linux
Python                  3.8.5 (default, Sep  4 2020, 07:30:14) [GCC 7.3.0]
numpy                   1.19.3
detectron2              0.2.1 @/fs/vulcan-projects/pruning_sgirish/prune-det/detectron2
Compiler                GCC 5.4
CUDA compiler           CUDA 10.0
detectron2 arch flags   6.1
DETECTRON2_ENV_MODULE   <not set>
PyTorch                 1.6.0 @/vulcanscratch/chenh/anaconda3/envs/prune-det/lib/python3.8/site-packages/torch
PyTorch debug build     False
GPU available           True
GPU 0,1,2,3             GeForce GTX 1080 Ti (arch=6.1)
CUDA_HOME               /opt/common/cuda/cuda-10.1.243
Pillow                  8.0.1
torchvision             0.7.0 @/vulcanscratch/chenh/anaconda3/envs/prune-det/lib/python3.8/site-packages/torchvision
torchvision arch flags  3.5, 5.0, 6.0, 7.0, 7.5
fvcore                  0.1.2.post20201020
cv2                     Not found
----------------------  --------------------------------------------------------------------------------------------
PyTorch built with:
  - GCC 7.3
  - C++ Version: 201402
  - Intel(R) Math Kernel Library Version 2019.0.5 Product Build 20190808 for Intel(R) 64 architecture applications
  - Intel(R) MKL-DNN v1.5.0 (Git Hash e2ac1fac44c5078ca927cb9b90e1b3066a0b2ed0)
  - OpenMP 201511 (a.k.a. OpenMP 4.5)
  - NNPACK is enabled
  - CPU capability usage: AVX2
  - CUDA Runtime 10.2
  - NVCC architecture flags: -gencode;arch=compute_37,code=sm_37;-gencode;arch=compute_50,code=sm_50;-gencode;arch=compute_60,code=sm_60;-gencode;arch=compute_70,code=sm_70;-gencode;arch=compute_75,code=sm_75
  - CuDNN 7.6.5
  - Magma 2.5.2
  - Build settings: BLAS=MKL, BUILD_TYPE=Release, CXX_FLAGS= -Wno-deprecated -fvisibility-inlines-hidden -DUSE_PTHREADPOOL -fopenmp -DNDEBUG -DUSE_FBGEMM -DUSE_QNNPACK -DUSE_PYTORCH_QNNPACK -DUSE_XNNPACK -DUSE_VULKAN_WRAPPER -O2 -fPIC -Wno-narrowing -Wall -Wextra -Werror=return-type -Wno-missing-field-initializers -Wno-type-limits -Wno-array-bounds -Wno-unknown-pragmas -Wno-sign-compare -Wno-unused-parameter -Wno-unused-variable -Wno-unused-function -Wno-unused-result -Wno-unused-local-typedefs -Wno-strict-overflow -Wno-strict-aliasing -Wno-error=deprecated-declarations -Wno-stringop-overflow -Wno-error=pedantic -Wno-error=redundant-decls -Wno-error=old-style-cast -fdiagnostics-color=always -faligned-new -Wno-unused-but-set-variable -Wno-maybe-uninitialized -fno-math-errno -fno-trapping-math -Werror=format -Wno-stringop-overflow, PERF_WITH_AVX=1, PERF_WITH_AVX2=1, PERF_WITH_AVX512=1, USE_CUDA=ON, USE_EXCEPTION_PTR=1, USE_GFLAGS=OFF, USE_GLOG=OFF, USE_MKL=ON, USE_MKLDNN=ON, USE_MPI=OFF, USE_NCCL=ON, USE_NNPACK=ON, USE_OPENMP=ON, USE_STATIC_DISPATCH=OFF, 

[32m[11/12 18:25:40 detectron2]: [0mCommand line arguments: Namespace(config_file='configs/COCO-Keypoints/keypoint_rcnn_r18_FPN_1x.yaml', dist_url='tcp://127.0.0.1:62697', eval_only=False, machine_rank=0, num_gpus=4, num_machines=1, opts=['SOLVER.BASE_LR', '0.015', 'SOLVER.WARMUP_ITERS', '2000', 'SOLVER.WARMUP_FACTOR', '5e-4', 'LOTTERY_KEEP_PERCENTAGE', '0.4', 'NUM_ROUNDS', '2', 'OUTPUT_DIR', 'output/keypoint_rcnn_r18_fpn_warm2k_lr_0.015_prune_40_late_reset_hao', 'LATE_RESET_CKPT', 'output/keypoint_r18_fpn_warm1k_lr.015/model_0003534.pth', 'MODEL.WEIGHTS', 'output/keypoint_r18_fpn_warm1k_lr.015/model_final.pth'], resume=True)
[32m[11/12 18:25:40 detectron2]: [0mContents of args.config_file=configs/COCO-Keypoints/keypoint_rcnn_r18_FPN_1x.yaml:
_BASE_: "Base-Keypoint-RCNN-FPN.yaml"
MODEL:
  WEIGHTS: "https://download.pytorch.org/models/resnet18-5c106cde.pth"
  RESNETS:
    DEPTH: 18
    RES2_OUT_CHANNELS: 64
SOLVER:
  CHECKPOINT_PERIOD: 3535

[32m[11/12 18:25:40 detectron2]: [0mRunning with full config:
CUDNN_BENCHMARK: False
DATALOADER:
  ASPECT_RATIO_GROUPING: True
  FILTER_EMPTY_ANNOTATIONS: True
  NUM_WORKERS: 4
  REPEAT_THRESHOLD: 0.0
  SAMPLER_TRAIN: TrainingSampler
DATASETS:
  PRECOMPUTED_PROPOSAL_TOPK_TEST: 1000
  PRECOMPUTED_PROPOSAL_TOPK_TRAIN: 2000
  PROPOSAL_FILES_TEST: ()
  PROPOSAL_FILES_TRAIN: ()
  TEST: ('keypoints_coco_2017_val',)
  TRAIN: ('keypoints_coco_2017_train',)
GLOBAL:
  HACK: 1.0
IMAGENET_TICKET: 
IMAGENET_TICKET_TYPE: 
INPUT:
  CROP:
    ENABLED: False
    SIZE: [0.9, 0.9]
    TYPE: relative_range
  FORMAT: BGR
  MASK_FORMAT: polygon
  MAX_SIZE_TEST: 1333
  MAX_SIZE_TRAIN: 1333
  MIN_SIZE_TEST: 800
  MIN_SIZE_TRAIN: (640, 672, 704, 736, 768, 800)
  MIN_SIZE_TRAIN_SAMPLING: choice
  RANDOM_FLIP: horizontal
LATE_RESET_CKPT: output/keypoint_r18_fpn_warm1k_lr.015/model_0003534.pth
LOTTERY_KEEP_PERCENTAGE: 0.4
MODEL:
  ANCHOR_GENERATOR:
    ANGLES: [[-90, 0, 90]]
    ASPECT_RATIOS: [[0.5, 1.0, 2.0]]
    NAME: DefaultAnchorGenerator
    OFFSET: 0.0
    SIZES: [[32], [64], [128], [256], [512]]
  BACKBONE:
    FREEZE_AT: 2
    NAME: build_resnet_fpn_backbone
  DEVICE: cuda
  FPN:
    FUSE_TYPE: sum
    IN_FEATURES: ['res2', 'res3', 'res4', 'res5']
    NORM: 
    OUT_CHANNELS: 256
  KEYPOINT_ON: True
  LOAD_PROPOSALS: False
  MASK_ON: False
  META_ARCHITECTURE: GeneralizedRCNN
  PANOPTIC_FPN:
    COMBINE:
      ENABLED: True
      INSTANCES_CONFIDENCE_THRESH: 0.5
      OVERLAP_THRESH: 0.5
      STUFF_AREA_LIMIT: 4096
    INSTANCE_LOSS_WEIGHT: 1.0
  PIXEL_MEAN: [103.53, 116.28, 123.675]
  PIXEL_STD: [1.0, 1.0, 1.0]
  PROPOSAL_GENERATOR:
    MIN_SIZE: 0
    NAME: RPN
  RESNETS:
    DEFORM_MODULATED: False
    DEFORM_NUM_GROUPS: 1
    DEFORM_ON_PER_STAGE: [False, False, False, False]
    DEPTH: 18
    NORM: FrozenBN
    NUM_GROUPS: 1
    OUT_FEATURES: ['res2', 'res3', 'res4', 'res5']
    RES2_OUT_CHANNELS: 64
    RES5_DILATION: 1
    STEM_OUT_CHANNELS: 64
    STRIDE_IN_1X1: True
    WIDTH_PER_GROUP: 64
  RETINANET:
    BBOX_REG_LOSS_TYPE: smooth_l1
    BBOX_REG_WEIGHTS: (1.0, 1.0, 1.0, 1.0)
    FOCAL_LOSS_ALPHA: 0.25
    FOCAL_LOSS_GAMMA: 2.0
    IN_FEATURES: ['p3', 'p4', 'p5', 'p6', 'p7']
    IOU_LABELS: [0, -1, 1]
    IOU_THRESHOLDS: [0.4, 0.5]
    NMS_THRESH_TEST: 0.5
    NORM: 
    NUM_CLASSES: 80
    NUM_CONVS: 4
    PRIOR_PROB: 0.01
    SCORE_THRESH_TEST: 0.05
    SMOOTH_L1_LOSS_BETA: 0.1
    TOPK_CANDIDATES_TEST: 1000
  ROI_BOX_CASCADE_HEAD:
    BBOX_REG_WEIGHTS: ((10.0, 10.0, 5.0, 5.0), (20.0, 20.0, 10.0, 10.0), (30.0, 30.0, 15.0, 15.0))
    IOUS: (0.5, 0.6, 0.7)
  ROI_BOX_HEAD:
    BBOX_REG_LOSS_TYPE: smooth_l1
    BBOX_REG_LOSS_WEIGHT: 1.0
    BBOX_REG_WEIGHTS: (10.0, 10.0, 5.0, 5.0)
    CLS_AGNOSTIC_BBOX_REG: False
    CONV_DIM: 256
    FC_DIM: 1024
    NAME: FastRCNNConvFCHead
    NORM: 
    NUM_CONV: 0
    NUM_FC: 2
    POOLER_RESOLUTION: 7
    POOLER_SAMPLING_RATIO: 0
    POOLER_TYPE: ROIAlignV2
    SMOOTH_L1_BETA: 0.5
    TRAIN_ON_PRED_BOXES: False
  ROI_HEADS:
    BATCH_SIZE_PER_IMAGE: 512
    IN_FEATURES: ['p2', 'p3', 'p4', 'p5']
    IOU_LABELS: [0, 1]
    IOU_THRESHOLDS: [0.5]
    NAME: StandardROIHeads
    NMS_THRESH_TEST: 0.5
    NUM_CLASSES: 1
    POSITIVE_FRACTION: 0.25
    PROPOSAL_APPEND_GT: True
    SCORE_THRESH_TEST: 0.05
  ROI_KEYPOINT_HEAD:
    CONV_DIMS: (512, 512, 512, 512, 512, 512, 512, 512)
    LOSS_WEIGHT: 1.0
    MIN_KEYPOINTS_PER_IMAGE: 1
    NAME: KRCNNConvDeconvUpsampleHead
    NORMALIZE_LOSS_BY_VISIBLE_KEYPOINTS: True
    NUM_KEYPOINTS: 17
    POOLER_RESOLUTION: 14
    POOLER_SAMPLING_RATIO: 0
    POOLER_TYPE: ROIAlignV2
  ROI_MASK_HEAD:
    CLS_AGNOSTIC_MASK: False
    CONV_DIM: 256
    NAME: MaskRCNNConvUpsampleHead
    NORM: 
    NUM_CONV: 4
    POOLER_RESOLUTION: 14
    POOLER_SAMPLING_RATIO: 0
    POOLER_TYPE: ROIAlignV2
  RPN:
    BATCH_SIZE_PER_IMAGE: 256
    BBOX_REG_LOSS_TYPE: smooth_l1
    BBOX_REG_LOSS_WEIGHT: 1.0
    BBOX_REG_WEIGHTS: (1.0, 1.0, 1.0, 1.0)
    BOUNDARY_THRESH: -1
    HEAD_NAME: StandardRPNHead
    IN_FEATURES: ['p2', 'p3', 'p4', 'p5', 'p6']
    IOU_LABELS: [0, -1, 1]
    IOU_THRESHOLDS: [0.3, 0.7]
    LOSS_WEIGHT: 1.0
    NMS_THRESH: 0.7
    POSITIVE_FRACTION: 0.5
    POST_NMS_TOPK_TEST: 1000
    POST_NMS_TOPK_TRAIN: 1500
    PRE_NMS_TOPK_TEST: 1000
    PRE_NMS_TOPK_TRAIN: 2000
    SMOOTH_L1_BETA: 0.0
  SEM_SEG_HEAD:
    COMMON_STRIDE: 4
    CONVS_DIM: 128
    IGNORE_VALUE: 255
    IN_FEATURES: ['p2', 'p3', 'p4', 'p5']
    LOSS_WEIGHT: 1.0
    NAME: SemSegFPNHead
    NORM: GN
    NUM_CLASSES: 54
  WEIGHTS: output/keypoint_r18_fpn_warm1k_lr.015/model_final.pth
NUM_ROUNDS: 2
OUTPUT_DIR: output/keypoint_rcnn_r18_fpn_warm2k_lr_0.015_prune_40_late_reset_hao
PRUNE_RESUME: True
SEED: -1
SOLVER:
  BASE_LR: 0.015
  BIAS_LR_FACTOR: 1.0
  CHECKPOINT_PERIOD: 3535
  CLIP_GRADIENTS:
    CLIP_TYPE: value
    CLIP_VALUE: 1.0
    ENABLED: False
    NORM_TYPE: 2.0
  GAMMA: 0.1
  IMS_PER_BATCH: 16
  LR_SCHEDULER_NAME: WarmupMultiStepLR
  MAX_ITER: 90000
  MOMENTUM: 0.9
  NESTEROV: False
  REFERENCE_WORLD_SIZE: 0
  STEPS: (60000, 80000)
  WARMUP_FACTOR: 0.0005
  WARMUP_ITERS: 2000
  WARMUP_METHOD: linear
  WEIGHT_DECAY: 0.0001
  WEIGHT_DECAY_BIAS: 0.0001
  WEIGHT_DECAY_NORM: 0.0
TEST:
  AUG:
    ENABLED: False
    FLIP: True
    MAX_SIZE: 4000
    MIN_SIZES: (400, 500, 600, 700, 800, 900, 1000, 1100, 1200)
  DETECTIONS_PER_IMAGE: 100
  EVAL_PERIOD: 0
  EXPECTED_RESULTS: []
  KEYPOINT_OKS_SIGMAS: []
  PRECISE_BN:
    ENABLED: False
    NUM_ITER: 200
VERSION: 2
VIS_PERIOD: 0
[32m[11/12 18:25:40 detectron2]: [0mFull config saved to output/keypoint_rcnn_r18_fpn_warm2k_lr_0.015_prune_40_late_reset_hao/config.yaml
[32m[11/12 18:25:40 d2.utils.env]: [0mUsing a generated random seed 40457007
[32m[11/12 18:25:41 d2.engine.defaults]: [0mModel:
GeneralizedRCNN(
  (backbone): FPN(
    (fpn_lateral2): Conv2d(64, 256, kernel_size=(1, 1), stride=(1, 1))
    (fpn_output2): Conv2d(256, 256, kernel_size=(3, 3), stride=(1, 1), padding=(1, 1))
    (fpn_lateral3): Conv2d(128, 256, kernel_size=(1, 1), stride=(1, 1))
    (fpn_output3): Conv2d(256, 256, kernel_size=(3, 3), stride=(1, 1), padding=(1, 1))
    (fpn_lateral4): Conv2d(256, 256, kernel_size=(1, 1), stride=(1, 1))
    (fpn_output4): Conv2d(256, 256, kernel_size=(3, 3), stride=(1, 1), padding=(1, 1))
    (fpn_lateral5): Conv2d(512, 256, kernel_size=(1, 1), stride=(1, 1))
    (fpn_output5): Conv2d(256, 256, kernel_size=(3, 3), stride=(1, 1), padding=(1, 1))
    (top_block): LastLevelMaxPool()
    (bottom_up): ResNet(
      (stem): BasicStem(
        (conv1): Conv2d(
          3, 64, kernel_size=(7, 7), stride=(2, 2), padding=(3, 3), bias=False
          (norm): FrozenBatchNorm2d(num_features=64, eps=1e-05)
        )
      )
      (res2): Sequential(
        (0): BasicBlock(
          (conv1): Conv2d(
            64, 64, kernel_size=(3, 3), stride=(1, 1), padding=(1, 1), bias=False
            (norm): FrozenBatchNorm2d(num_features=64, eps=1e-05)
          )
          (conv2): Conv2d(
            64, 64, kernel_size=(3, 3), stride=(1, 1), padding=(1, 1), bias=False
            (norm): FrozenBatchNorm2d(num_features=64, eps=1e-05)
          )
        )
        (1): BasicBlock(
          (conv1): Conv2d(
            64, 64, kernel_size=(3, 3), stride=(1, 1), padding=(1, 1), bias=False
            (norm): FrozenBatchNorm2d(num_features=64, eps=1e-05)
          )
          (conv2): Conv2d(
            64, 64, kernel_size=(3, 3), stride=(1, 1), padding=(1, 1), bias=False
            (norm): FrozenBatchNorm2d(num_features=64, eps=1e-05)
          )
        )
      )
      (res3): Sequential(
        (0): BasicBlock(
          (shortcut): Conv2d(
            64, 128, kernel_size=(1, 1), stride=(2, 2), bias=False
            (norm): FrozenBatchNorm2d(num_features=128, eps=1e-05)
          )
          (conv1): Conv2d(
            64, 128, kernel_size=(3, 3), stride=(2, 2), padding=(1, 1), bias=False
            (norm): FrozenBatchNorm2d(num_features=128, eps=1e-05)
          )
          (conv2): Conv2d(
            128, 128, kernel_size=(3, 3), stride=(1, 1), padding=(1, 1), bias=False
            (norm): FrozenBatchNorm2d(num_features=128, eps=1e-05)
          )
        )
        (1): BasicBlock(
          (conv1): Conv2d(
            128, 128, kernel_size=(3, 3), stride=(1, 1), padding=(1, 1), bias=False
            (norm): FrozenBatchNorm2d(num_features=128, eps=1e-05)
          )
          (conv2): Conv2d(
            128, 128, kernel_size=(3, 3), stride=(1, 1), padding=(1, 1), bias=False
            (norm): FrozenBatchNorm2d(num_features=128, eps=1e-05)
          )
        )
      )
      (res4): Sequential(
        (0): BasicBlock(
          (shortcut): Conv2d(
            128, 256, kernel_size=(1, 1), stride=(2, 2), bias=False
            (norm): FrozenBatchNorm2d(num_features=256, eps=1e-05)
          )
          (conv1): Conv2d(
            128, 256, kernel_size=(3, 3), stride=(2, 2), padding=(1, 1), bias=False
            (norm): FrozenBatchNorm2d(num_features=256, eps=1e-05)
          )
          (conv2): Conv2d(
            256, 256, kernel_size=(3, 3), stride=(1, 1), padding=(1, 1), bias=False
            (norm): FrozenBatchNorm2d(num_features=256, eps=1e-05)
          )
        )
        (1): BasicBlock(
          (conv1): Conv2d(
            256, 256, kernel_size=(3, 3), stride=(1, 1), padding=(1, 1), bias=False
            (norm): FrozenBatchNorm2d(num_features=256, eps=1e-05)
          )
          (conv2): Conv2d(
            256, 256, kernel_size=(3, 3), stride=(1, 1), padding=(1, 1), bias=False
            (norm): FrozenBatchNorm2d(num_features=256, eps=1e-05)
          )
        )
      )
      (res5): Sequential(
        (0): BasicBlock(
          (shortcut): Conv2d(
            256, 512, kernel_size=(1, 1), stride=(2, 2), bias=False
            (norm): FrozenBatchNorm2d(num_features=512, eps=1e-05)
          )
          (conv1): Conv2d(
            256, 512, kernel_size=(3, 3), stride=(2, 2), padding=(1, 1), bias=False
            (norm): FrozenBatchNorm2d(num_features=512, eps=1e-05)
          )
          (conv2): Conv2d(
            512, 512, kernel_size=(3, 3), stride=(1, 1), padding=(1, 1), bias=False
            (norm): FrozenBatchNorm2d(num_features=512, eps=1e-05)
          )
        )
        (1): BasicBlock(
          (conv1): Conv2d(
            512, 512, kernel_size=(3, 3), stride=(1, 1), padding=(1, 1), bias=False
            (norm): FrozenBatchNorm2d(num_features=512, eps=1e-05)
          )
          (conv2): Conv2d(
            512, 512, kernel_size=(3, 3), stride=(1, 1), padding=(1, 1), bias=False
            (norm): FrozenBatchNorm2d(num_features=512, eps=1e-05)
          )
        )
      )
    )
  )
  (proposal_generator): RPN(
    (rpn_head): StandardRPNHead(
      (conv): Conv2d(256, 256, kernel_size=(3, 3), stride=(1, 1), padding=(1, 1))
      (objectness_logits): Conv2d(256, 3, kernel_size=(1, 1), stride=(1, 1))
      (anchor_deltas): Conv2d(256, 12, kernel_size=(1, 1), stride=(1, 1))
    )
    (anchor_generator): DefaultAnchorGenerator(
      (cell_anchors): BufferList()
    )
  )
  (roi_heads): StandardROIHeads(
    (box_pooler): ROIPooler(
      (level_poolers): ModuleList(
        (0): ROIAlign(output_size=(7, 7), spatial_scale=0.25, sampling_ratio=0, aligned=True)
        (1): ROIAlign(output_size=(7, 7), spatial_scale=0.125, sampling_ratio=0, aligned=True)
        (2): ROIAlign(output_size=(7, 7), spatial_scale=0.0625, sampling_ratio=0, aligned=True)
        (3): ROIAlign(output_size=(7, 7), spatial_scale=0.03125, sampling_ratio=0, aligned=True)
      )
    )
    (box_head): FastRCNNConvFCHead(
      (flatten): Flatten()
      (fc1): Linear(in_features=12544, out_features=1024, bias=True)
      (fc_relu1): ReLU()
      (fc2): Linear(in_features=1024, out_features=1024, bias=True)
      (fc_relu2): ReLU()
    )
    (box_predictor): FastRCNNOutputLayers(
      (cls_score): Linear(in_features=1024, out_features=2, bias=True)
      (bbox_pred): Linear(in_features=1024, out_features=4, bias=True)
    )
    (keypoint_pooler): ROIPooler(
      (level_poolers): ModuleList(
        (0): ROIAlign(output_size=(14, 14), spatial_scale=0.25, sampling_ratio=0, aligned=True)
        (1): ROIAlign(output_size=(14, 14), spatial_scale=0.125, sampling_ratio=0, aligned=True)
        (2): ROIAlign(output_size=(14, 14), spatial_scale=0.0625, sampling_ratio=0, aligned=True)
        (3): ROIAlign(output_size=(14, 14), spatial_scale=0.03125, sampling_ratio=0, aligned=True)
      )
    )
    (keypoint_head): KRCNNConvDeconvUpsampleHead(
      (conv_fcn1): Conv2d(256, 512, kernel_size=(3, 3), stride=(1, 1), padding=(1, 1))
      (conv_fcn_relu1): ReLU()
      (conv_fcn2): Conv2d(512, 512, kernel_size=(3, 3), stride=(1, 1), padding=(1, 1))
      (conv_fcn_relu2): ReLU()
      (conv_fcn3): Conv2d(512, 512, kernel_size=(3, 3), stride=(1, 1), padding=(1, 1))
      (conv_fcn_relu3): ReLU()
      (conv_fcn4): Conv2d(512, 512, kernel_size=(3, 3), stride=(1, 1), padding=(1, 1))
      (conv_fcn_relu4): ReLU()
      (conv_fcn5): Conv2d(512, 512, kernel_size=(3, 3), stride=(1, 1), padding=(1, 1))
      (conv_fcn_relu5): ReLU()
      (conv_fcn6): Conv2d(512, 512, kernel_size=(3, 3), stride=(1, 1), padding=(1, 1))
      (conv_fcn_relu6): ReLU()
      (conv_fcn7): Conv2d(512, 512, kernel_size=(3, 3), stride=(1, 1), padding=(1, 1))
      (conv_fcn_relu7): ReLU()
      (conv_fcn8): Conv2d(512, 512, kernel_size=(3, 3), stride=(1, 1), padding=(1, 1))
      (conv_fcn_relu8): ReLU()
      (score_lowres): ConvTranspose2d(512, 17, kernel_size=(4, 4), stride=(2, 2), padding=(1, 1))
    )
  )
)
[32m[11/12 18:25:51 d2.data.datasets.coco]: [0mLoading datasets/coco/annotations/person_keypoints_train2017.json takes 10.01 seconds.
[32m[11/12 18:25:51 d2.data.datasets.coco]: [0mLoaded 118287 images in COCO format from datasets/coco/annotations/person_keypoints_train2017.json
[32m[11/12 18:25:58 d2.data.build]: [0mRemoved 54172 images with no usable annotations. 64115 images left.
[32m[11/12 18:26:01 d2.data.build]: [0mRemoved 7516 images with fewer than 1 keypoints.
[32m[11/12 18:26:04 d2.data.build]: [0mDistribution of instances among all 1 categories:
[36m|  category  | #instances   |
|:----------:|:-------------|
|   person   | 224840       |
|            |              |[0m
[32m[11/12 18:26:04 d2.data.common]: [0mSerializing 56599 elements to byte tensors and concatenating them all ...
[32m[11/12 18:26:06 d2.data.common]: [0mSerialized dataset takes 239.58 MiB
[32m[11/12 18:26:06 d2.data.dataset_mapper]: [0m[DatasetMapper] Augmentations used in training: [ResizeShortestEdge(short_edge_length=(640, 672, 704, 736, 768, 800), max_size=1333, sample_style='choice'), RandomFlip()]
[32m[11/12 18:26:06 d2.data.build]: [0mUsing training sampler TrainingSampler
[32m[11/12 18:26:10 fvcore.common.checkpoint]: [0mLoading checkpoint from output/keypoint_r18_fpn_warm1k_lr.015/model_final.pth
Loaded from  output/keypoint_r18_fpn_warm1k_lr.015/model_final.pth 

here
Pruning:  backbone.fpn_lateral2.weight
Pruning:  backbone.fpn_output2.weight
Pruning:  backbone.fpn_lateral3.weight
Pruning:  backbone.fpn_output3.weight
Pruning:  backbone.fpn_lateral4.weight
Pruning:  backbone.fpn_output4.weight
Pruning:  backbone.fpn_lateral5.weight
Pruning:  backbone.fpn_output5.weight
Pruning:  backbone.bottom_up.stem.conv1.weight
Pruning:  backbone.bottom_up.res2.0.conv1.weight
Pruning:  backbone.bottom_up.res2.0.conv2.weight
Pruning:  backbone.bottom_up.res2.1.conv1.weight
Pruning:  backbone.bottom_up.res2.1.conv2.weight
Pruning:  backbone.bottom_up.res3.0.conv1.weight
Pruning:  backbone.bottom_up.res3.0.conv2.weight
Pruning:  backbone.bottom_up.res3.1.conv1.weight
Pruning:  backbone.bottom_up.res3.1.conv2.weight
Pruning:  backbone.bottom_up.res4.0.conv1.weight
Pruning:  backbone.bottom_up.res4.0.conv2.weight
Pruning:  backbone.bottom_up.res4.1.conv1.weight
Pruning:  backbone.bottom_up.res4.1.conv2.weight
Pruning:  backbone.bottom_up.res5.0.conv1.weight
Pruning:  backbone.bottom_up.res5.0.conv2.weight
Pruning:  backbone.bottom_up.res5.1.conv1.weight
Pruning:  backbone.bottom_up.res5.1.conv2.weight
Pruning:  proposal_generator.rpn_head.conv.weight
Pruning:  roi_heads.box_head.fc1.weight
Pruning:  roi_heads.box_head.fc2.weight
Pruning:  roi_heads.keypoint_head.conv_fcn1.weight
Pruning:  roi_heads.keypoint_head.conv_fcn2.weight
Pruning:  roi_heads.keypoint_head.conv_fcn3.weight
Pruning:  roi_heads.keypoint_head.conv_fcn4.weight
Pruning:  roi_heads.keypoint_head.conv_fcn5.weight
Pruning:  roi_heads.keypoint_head.conv_fcn6.weight
Pruning:  roi_heads.keypoint_head.conv_fcn7.weight
Pruning:  roi_heads.keypoint_head.conv_fcn8.weight
generating new mask by pruning
Loading  output/keypoint_r18_fpn_warm1k_lr.015/model_0003534.pth  late reset to model as initial

applied mask
Pruning:  module.backbone.fpn_lateral2.weight
Pruning:  module.backbone.fpn_output2.weight
Pruning:  module.backbone.fpn_lateral3.weight
Pruning:  module.backbone.fpn_output3.weight
Pruning:  module.backbone.fpn_lateral4.weight
Pruning:  module.backbone.fpn_output4.weight
Pruning:  module.backbone.fpn_lateral5.weight
Pruning:  module.backbone.fpn_output5.weight
Pruning:  module.backbone.bottom_up.stem.conv1.weight
Pruning:  module.backbone.bottom_up.res2.0.conv1.weight
Pruning:  module.backbone.bottom_up.res2.0.conv2.weight
Pruning:  module.backbone.bottom_up.res2.1.conv1.weight
Pruning:  module.backbone.bottom_up.res2.1.conv2.weight
Pruning:  module.backbone.bottom_up.res3.0.conv1.weight
Pruning:  module.backbone.bottom_up.res3.0.conv2.weight
Pruning:  module.backbone.bottom_up.res3.1.conv1.weight
Pruning:  module.backbone.bottom_up.res3.1.conv2.weight
Pruning:  module.backbone.bottom_up.res4.0.conv1.weight
Pruning:  module.backbone.bottom_up.res4.0.conv2.weight
Pruning:  module.backbone.bottom_up.res4.1.conv1.weight
Pruning:  module.backbone.bottom_up.res4.1.conv2.weight
Pruning:  module.backbone.bottom_up.res5.0.conv1.weight
Pruning:  module.backbone.bottom_up.res5.0.conv2.weight
Pruning:  module.backbone.bottom_up.res5.1.conv1.weight
Pruning:  module.backbone.bottom_up.res5.1.conv2.weight
Pruning:  module.proposal_generator.rpn_head.conv.weight
Pruning:  module.roi_heads.box_head.fc1.weight
Pruning:  module.roi_heads.box_head.fc2.weight
Pruning:  module.roi_heads.keypoint_head.conv_fcn1.weight
Pruning:  module.roi_heads.keypoint_head.conv_fcn2.weight
Pruning:  module.roi_heads.keypoint_head.conv_fcn3.weight
Pruning:  module.roi_heads.keypoint_head.conv_fcn4.weight
Pruning:  module.roi_heads.keypoint_head.conv_fcn5.weight
Pruning:  module.roi_heads.keypoint_head.conv_fcn6.weight
Pruning:  module.roi_heads.keypoint_head.conv_fcn7.weight
Pruning:  module.roi_heads.keypoint_head.conv_fcn8.weight
Zero percentage: 0.5957087853837039
Model zero count:  0.5957087853837039

MODULE WISE param count
Zero percentage: 0.5093706149317672
children:  backbone 0.5093706149317672 13774016
Zero percentage: 0.8033017080993712
children:  proposal_generator 0.8033017080993712 593935
Zero percentage: 0.6292919325239784
children:  roi_heads 0.6292919325239784 31739927



backbone 13774016  percentage of total:  0.21698247762195547
proposal_generator 593935  percentage of total:  0.00935627545709226
roi_heads 31739927  percentage of total:  0.5



Transferred ticket part: zeros 
Zero percentage: 0.5473912402863879


[32m[11/12 18:26:14 d2.engine.train_loop]: [0mStarting training from iteration 0
Loaded from  output/keypoint_r18_fpn_warm1k_lr.015/model_final.pth 

here
Pruning:  backbone.fpn_lateral2.weight
Pruning:  backbone.fpn_output2.weight
Pruning:  backbone.fpn_lateral3.weight
Pruning:  backbone.fpn_output3.weight
Pruning:  backbone.fpn_lateral4.weight
Pruning:  backbone.fpn_output4.weight
Pruning:  backbone.fpn_lateral5.weight
Pruning:  backbone.fpn_output5.weight
Pruning:  backbone.bottom_up.stem.conv1.weight
Pruning:  backbone.bottom_up.res2.0.conv1.weight
Pruning:  backbone.bottom_up.res2.0.conv2.weight
Pruning:  backbone.bottom_up.res2.1.conv1.weight
Pruning:  backbone.bottom_up.res2.1.conv2.weight
Pruning:  backbone.bottom_up.res3.0.conv1.weight
Pruning:  backbone.bottom_up.res3.0.conv2.weight
Pruning:  backbone.bottom_up.res3.1.conv1.weight
Pruning:  backbone.bottom_up.res3.1.conv2.weight
Pruning:  backbone.bottom_up.res4.0.conv1.weight
Pruning:  backbone.bottom_up.res4.0.conv2.weight
Pruning:  backbone.bottom_up.res4.1.conv1.weight
Pruning:  backbone.bottom_up.res4.1.conv2.weight
Pruning:  backbone.bottom_up.res5.0.conv1.weight
Pruning:  backbone.bottom_up.res5.0.conv2.weight
Pruning:  backbone.bottom_up.res5.1.conv1.weight
Pruning:  backbone.bottom_up.res5.1.conv2.weight
Pruning:  proposal_generator.rpn_head.conv.weight
Pruning:  roi_heads.box_head.fc1.weight
Pruning:  roi_heads.box_head.fc2.weight
Pruning:  roi_heads.keypoint_head.conv_fcn1.weight
Pruning:  roi_heads.keypoint_head.conv_fcn2.weight
Pruning:  roi_heads.keypoint_head.conv_fcn3.weight
Pruning:  roi_heads.keypoint_head.conv_fcn4.weight
Pruning:  roi_heads.keypoint_head.conv_fcn5.weight
Pruning:  roi_heads.keypoint_head.conv_fcn6.weight
Pruning:  roi_heads.keypoint_head.conv_fcn7.weight
Pruning:  roi_heads.keypoint_head.conv_fcn8.weight
generating new mask by pruning
Loading  output/keypoint_r18_fpn_warm1k_lr.015/model_0003534.pth  late reset to model as initial

applied mask
Pruning:  module.backbone.fpn_lateral2.weight
Pruning:  module.backbone.fpn_output2.weight
Pruning:  module.backbone.fpn_lateral3.weight
Pruning:  module.backbone.fpn_output3.weight
Pruning:  module.backbone.fpn_lateral4.weight
Pruning:  module.backbone.fpn_output4.weight
Pruning:  module.backbone.fpn_lateral5.weight
Pruning:  module.backbone.fpn_output5.weight
Pruning:  module.backbone.bottom_up.stem.conv1.weight
Pruning:  module.backbone.bottom_up.res2.0.conv1.weight
Pruning:  module.backbone.bottom_up.res2.0.conv2.weight
Pruning:  module.backbone.bottom_up.res2.1.conv1.weight
Pruning:  module.backbone.bottom_up.res2.1.conv2.weight
Pruning:  module.backbone.bottom_up.res3.0.conv1.weight
Pruning:  module.backbone.bottom_up.res3.0.conv2.weight
Pruning:  module.backbone.bottom_up.res3.1.conv1.weight
Pruning:  module.backbone.bottom_up.res3.1.conv2.weight
Pruning:  module.backbone.bottom_up.res4.0.conv1.weight
Pruning:  module.backbone.bottom_up.res4.0.conv2.weight
Pruning:  module.backbone.bottom_up.res4.1.conv1.weight
Pruning:  module.backbone.bottom_up.res4.1.conv2.weight
Pruning:  module.backbone.bottom_up.res5.0.conv1.weight
Pruning:  module.backbone.bottom_up.res5.0.conv2.weight
Pruning:  module.backbone.bottom_up.res5.1.conv1.weight
Pruning:  module.backbone.bottom_up.res5.1.conv2.weight
Pruning:  module.proposal_generator.rpn_head.conv.weight
Pruning:  module.roi_heads.box_head.fc1.weight
Pruning:  module.roi_heads.box_head.fc2.weight
Pruning:  module.roi_heads.keypoint_head.conv_fcn1.weight
Pruning:  module.roi_heads.keypoint_head.conv_fcn2.weight
Pruning:  module.roi_heads.keypoint_head.conv_fcn3.weight
Pruning:  module.roi_heads.keypoint_head.conv_fcn4.weight
Pruning:  module.roi_heads.keypoint_head.conv_fcn5.weight
Pruning:  module.roi_heads.keypoint_head.conv_fcn6.weight
Pruning:  module.roi_heads.keypoint_head.conv_fcn7.weight
Pruning:  module.roi_heads.keypoint_head.conv_fcn8.weight
Zero percentage: 0.5957087853837039
Model zero count:  0.5957087853837039

MODULE WISE param count
Zero percentage: 0.5093706149317672
children:  backbone 0.5093706149317672 13774016
Zero percentage: 0.8033017080993712
children:  proposal_generator 0.8033017080993712 593935
Zero percentage: 0.6292919325239784
children:  roi_heads 0.6292919325239784 31739927



backbone 13774016  percentage of total:  0.21698247762195547
proposal_generator 593935  percentage of total:  0.00935627545709226
roi_heads 31739927  percentage of total:  0.5



Transferred ticket part: zeros 
Zero percentage: 0.5473912402863879


Loaded from  output/keypoint_r18_fpn_warm1k_lr.015/model_final.pth 

here
Pruning:  backbone.fpn_lateral2.weight
Pruning:  backbone.fpn_output2.weight
Pruning:  backbone.fpn_lateral3.weight
Pruning:  backbone.fpn_output3.weight
Pruning:  backbone.fpn_lateral4.weight
Pruning:  backbone.fpn_output4.weight
Pruning:  backbone.fpn_lateral5.weight
Pruning:  backbone.fpn_output5.weight
Pruning:  backbone.bottom_up.stem.conv1.weight
Pruning:  backbone.bottom_up.res2.0.conv1.weight
Pruning:  backbone.bottom_up.res2.0.conv2.weight
Pruning:  backbone.bottom_up.res2.1.conv1.weight
Pruning:  backbone.bottom_up.res2.1.conv2.weight
Pruning:  backbone.bottom_up.res3.0.conv1.weight
Pruning:  backbone.bottom_up.res3.0.conv2.weight
Pruning:  backbone.bottom_up.res3.1.conv1.weight
Pruning:  backbone.bottom_up.res3.1.conv2.weight
Pruning:  backbone.bottom_up.res4.0.conv1.weight
Pruning:  backbone.bottom_up.res4.0.conv2.weight
Pruning:  backbone.bottom_up.res4.1.conv1.weight
Pruning:  backbone.bottom_up.res4.1.conv2.weight
Pruning:  backbone.bottom_up.res5.0.conv1.weight
Pruning:  backbone.bottom_up.res5.0.conv2.weight
Pruning:  backbone.bottom_up.res5.1.conv1.weight
Pruning:  backbone.bottom_up.res5.1.conv2.weight
Pruning:  proposal_generator.rpn_head.conv.weight
Pruning:  roi_heads.box_head.fc1.weight
Pruning:  roi_heads.box_head.fc2.weight
Pruning:  roi_heads.keypoint_head.conv_fcn1.weight
Pruning:  roi_heads.keypoint_head.conv_fcn2.weight
Pruning:  roi_heads.keypoint_head.conv_fcn3.weight
Pruning:  roi_heads.keypoint_head.conv_fcn4.weight
Pruning:  roi_heads.keypoint_head.conv_fcn5.weight
Pruning:  roi_heads.keypoint_head.conv_fcn6.weight
Pruning:  roi_heads.keypoint_head.conv_fcn7.weight
Pruning:  roi_heads.keypoint_head.conv_fcn8.weight
generating new mask by pruning
Loading  output/keypoint_r18_fpn_warm1k_lr.015/model_0003534.pth  late reset to model as initial

applied mask
Pruning:  module.backbone.fpn_lateral2.weight
Pruning:  module.backbone.fpn_output2.weight
Pruning:  module.backbone.fpn_lateral3.weight
Pruning:  module.backbone.fpn_output3.weight
Pruning:  module.backbone.fpn_lateral4.weight
Pruning:  module.backbone.fpn_output4.weight
Pruning:  module.backbone.fpn_lateral5.weight
Pruning:  module.backbone.fpn_output5.weight
Pruning:  module.backbone.bottom_up.stem.conv1.weight
Pruning:  module.backbone.bottom_up.res2.0.conv1.weight
Pruning:  module.backbone.bottom_up.res2.0.conv2.weight
Pruning:  module.backbone.bottom_up.res2.1.conv1.weight
Pruning:  module.backbone.bottom_up.res2.1.conv2.weight
Pruning:  module.backbone.bottom_up.res3.0.conv1.weight
Pruning:  module.backbone.bottom_up.res3.0.conv2.weight
Pruning:  module.backbone.bottom_up.res3.1.conv1.weight
Pruning:  module.backbone.bottom_up.res3.1.conv2.weight
Pruning:  module.backbone.bottom_up.res4.0.conv1.weight
Pruning:  module.backbone.bottom_up.res4.0.conv2.weight
Pruning:  module.backbone.bottom_up.res4.1.conv1.weight
Pruning:  module.backbone.bottom_up.res4.1.conv2.weight
Pruning:  module.backbone.bottom_up.res5.0.conv1.weight
Pruning:  module.backbone.bottom_up.res5.0.conv2.weight
Pruning:  module.backbone.bottom_up.res5.1.conv1.weight
Pruning:  module.backbone.bottom_up.res5.1.conv2.weight
Pruning:  module.proposal_generator.rpn_head.conv.weight
Pruning:  module.roi_heads.box_head.fc1.weight
Pruning:  module.roi_heads.box_head.fc2.weight
Pruning:  module.roi_heads.keypoint_head.conv_fcn1.weight
Pruning:  module.roi_heads.keypoint_head.conv_fcn2.weight
Pruning:  module.roi_heads.keypoint_head.conv_fcn3.weight
Pruning:  module.roi_heads.keypoint_head.conv_fcn4.weight
Pruning:  module.roi_heads.keypoint_head.conv_fcn5.weight
Pruning:  module.roi_heads.keypoint_head.conv_fcn6.weight
Pruning:  module.roi_heads.keypoint_head.conv_fcn7.weight
Pruning:  module.roi_heads.keypoint_head.conv_fcn8.weight
Zero percentage: 0.5957087853837039
Model zero count:  0.5957087853837039

MODULE WISE param count
Zero percentage: 0.5093706149317672
children:  backbone 0.5093706149317672 13774016
Zero percentage: 0.8033017080993712
children:  proposal_generator 0.8033017080993712 593935
Zero percentage: 0.6292919325239784
children:  roi_heads 0.6292919325239784 31739927



backbone 13774016  percentage of total:  0.21698247762195547
proposal_generator 593935  percentage of total:  0.00935627545709226
roi_heads 31739927  percentage of total:  0.5



Transferred ticket part: zeros 
Zero percentage: 0.5473912402863879


Loaded from  output/keypoint_r18_fpn_warm1k_lr.015/model_final.pth 

here
Pruning:  backbone.fpn_lateral2.weight
Pruning:  backbone.fpn_output2.weight
Pruning:  backbone.fpn_lateral3.weight
Pruning:  backbone.fpn_output3.weight
Pruning:  backbone.fpn_lateral4.weight
Pruning:  backbone.fpn_output4.weight
Pruning:  backbone.fpn_lateral5.weight
Pruning:  backbone.fpn_output5.weight
Pruning:  backbone.bottom_up.stem.conv1.weight
Pruning:  backbone.bottom_up.res2.0.conv1.weight
Pruning:  backbone.bottom_up.res2.0.conv2.weight
Pruning:  backbone.bottom_up.res2.1.conv1.weight
Pruning:  backbone.bottom_up.res2.1.conv2.weight
Pruning:  backbone.bottom_up.res3.0.conv1.weight
Pruning:  backbone.bottom_up.res3.0.conv2.weight
Pruning:  backbone.bottom_up.res3.1.conv1.weight
Pruning:  backbone.bottom_up.res3.1.conv2.weight
Pruning:  backbone.bottom_up.res4.0.conv1.weight
Pruning:  backbone.bottom_up.res4.0.conv2.weight
Pruning:  backbone.bottom_up.res4.1.conv1.weight
Pruning:  backbone.bottom_up.res4.1.conv2.weight
Pruning:  backbone.bottom_up.res5.0.conv1.weight
Pruning:  backbone.bottom_up.res5.0.conv2.weight
Pruning:  backbone.bottom_up.res5.1.conv1.weight
Pruning:  backbone.bottom_up.res5.1.conv2.weight
Pruning:  proposal_generator.rpn_head.conv.weight
Pruning:  roi_heads.box_head.fc1.weight
Pruning:  roi_heads.box_head.fc2.weight
Pruning:  roi_heads.keypoint_head.conv_fcn1.weight
Pruning:  roi_heads.keypoint_head.conv_fcn2.weight
Pruning:  roi_heads.keypoint_head.conv_fcn3.weight
Pruning:  roi_heads.keypoint_head.conv_fcn4.weight
Pruning:  roi_heads.keypoint_head.conv_fcn5.weight
Pruning:  roi_heads.keypoint_head.conv_fcn6.weight
Pruning:  roi_heads.keypoint_head.conv_fcn7.weight
Pruning:  roi_heads.keypoint_head.conv_fcn8.weight
generating new mask by pruning
Loading  output/keypoint_r18_fpn_warm1k_lr.015/model_0003534.pth  late reset to model as initial

applied mask
Pruning:  module.backbone.fpn_lateral2.weight
Pruning:  module.backbone.fpn_output2.weight
Pruning:  module.backbone.fpn_lateral3.weight
Pruning:  module.backbone.fpn_output3.weight
Pruning:  module.backbone.fpn_lateral4.weight
Pruning:  module.backbone.fpn_output4.weight
Pruning:  module.backbone.fpn_lateral5.weight
Pruning:  module.backbone.fpn_output5.weight
Pruning:  module.backbone.bottom_up.stem.conv1.weight
Pruning:  module.backbone.bottom_up.res2.0.conv1.weight
Pruning:  module.backbone.bottom_up.res2.0.conv2.weight
Pruning:  module.backbone.bottom_up.res2.1.conv1.weight
Pruning:  module.backbone.bottom_up.res2.1.conv2.weight
Pruning:  module.backbone.bottom_up.res3.0.conv1.weight
Pruning:  module.backbone.bottom_up.res3.0.conv2.weight
Pruning:  module.backbone.bottom_up.res3.1.conv1.weight
Pruning:  module.backbone.bottom_up.res3.1.conv2.weight
Pruning:  module.backbone.bottom_up.res4.0.conv1.weight
Pruning:  module.backbone.bottom_up.res4.0.conv2.weight
Pruning:  module.backbone.bottom_up.res4.1.conv1.weight
Pruning:  module.backbone.bottom_up.res4.1.conv2.weight
Pruning:  module.backbone.bottom_up.res5.0.conv1.weight
Pruning:  module.backbone.bottom_up.res5.0.conv2.weight
Pruning:  module.backbone.bottom_up.res5.1.conv1.weight
Pruning:  module.backbone.bottom_up.res5.1.conv2.weight
Pruning:  module.proposal_generator.rpn_head.conv.weight
Pruning:  module.roi_heads.box_head.fc1.weight
Pruning:  module.roi_heads.box_head.fc2.weight
Pruning:  module.roi_heads.keypoint_head.conv_fcn1.weight
Pruning:  module.roi_heads.keypoint_head.conv_fcn2.weight
Pruning:  module.roi_heads.keypoint_head.conv_fcn3.weight
Pruning:  module.roi_heads.keypoint_head.conv_fcn4.weight
Pruning:  module.roi_heads.keypoint_head.conv_fcn5.weight
Pruning:  module.roi_heads.keypoint_head.conv_fcn6.weight
Pruning:  module.roi_heads.keypoint_head.conv_fcn7.weight
Pruning:  module.roi_heads.keypoint_head.conv_fcn8.weight
Zero percentage: 0.5957087853837039
Model zero count:  0.5957087853837039

MODULE WISE param count
Zero percentage: 0.5093706149317672
children:  backbone 0.5093706149317672 13774016
Zero percentage: 0.8033017080993712
children:  proposal_generator 0.8033017080993712 593935
Zero percentage: 0.6292919325239784
children:  roi_heads 0.6292919325239784 31739927



backbone 13774016  percentage of total:  0.21698247762195547
proposal_generator 593935  percentage of total:  0.00935627545709226
roi_heads 31739927  percentage of total:  0.5



Transferred ticket part: zeros 
Zero percentage: 0.5473912402863879


[32m[11/12 18:26:34 d2.utils.events]: [0m eta: 12:15:32  iter: 19  total_loss: 6.903  loss_cls: 0.0458  loss_box_reg: 0.03296  loss_keypoint: 6.619  loss_rpn_cls: 0.1554  loss_rpn_loc: 0.08095  time: 0.4953  data_time: 0.5311  lr: 0.00014993  max_mem: 4226M
[32m[11/12 18:26:45 d2.utils.events]: [0m eta: 12:42:46  iter: 39  total_loss: 6.535  loss_cls: 0.06157  loss_box_reg: 0.04959  loss_keypoint: 6.259  loss_rpn_cls: 0.1075  loss_rpn_loc: 0.06616  time: 0.5142  data_time: 0.0460  lr: 0.00029985  max_mem: 4226M
[32m[11/12 18:26:56 d2.utils.events]: [0m eta: 13:06:56  iter: 59  total_loss: 5.716  loss_cls: 0.08809  loss_box_reg: 0.07614  loss_keypoint: 5.396  loss_rpn_cls: 0.08866  loss_rpn_loc: 0.07251  time: 0.5249  data_time: 0.0346  lr: 0.00044978  max_mem: 4226M
[32m[11/12 18:27:08 d2.utils.events]: [0m eta: 13:28:10  iter: 79  total_loss: 5.18  loss_cls: 0.1005  loss_box_reg: 0.0885  loss_keypoint: 4.84  loss_rpn_cls: 0.07585  loss_rpn_loc: 0.06312  time: 0.5401  data_time: 0.0414  lr: 0.0005997  max_mem: 4664M
[32m[11/12 18:27:20 d2.utils.events]: [0m eta: 13:53:09  iter: 99  total_loss: 5.153  loss_cls: 0.114  loss_box_reg: 0.1145  loss_keypoint: 4.717  loss_rpn_cls: 0.07398  loss_rpn_loc: 0.066  time: 0.5550  data_time: 0.0384  lr: 0.00074963  max_mem: 5051M
[32m[11/12 18:27:33 d2.utils.events]: [0m eta: 14:05:39  iter: 119  total_loss: 5.144  loss_cls: 0.143  loss_box_reg: 0.1498  loss_keypoint: 4.656  loss_rpn_cls: 0.07767  loss_rpn_loc: 0.0694  time: 0.5723  data_time: 0.0344  lr: 0.00089955  max_mem: 5162M
[32m[11/12 18:27:47 d2.utils.events]: [0m eta: 14:27:46  iter: 139  total_loss: 4.909  loss_cls: 0.1406  loss_box_reg: 0.1528  loss_keypoint: 4.426  loss_rpn_cls: 0.06114  loss_rpn_loc: 0.05947  time: 0.5859  data_time: 0.0400  lr: 0.0010495  max_mem: 5531M
[32m[11/12 18:28:00 d2.utils.events]: [0m eta: 14:42:19  iter: 159  total_loss: 4.937  loss_cls: 0.1245  loss_box_reg: 0.1389  loss_keypoint: 4.61  loss_rpn_cls: 0.05101  loss_rpn_loc: 0.04588  time: 0.5968  data_time: 0.0367  lr: 0.0011994  max_mem: 5926M
[32m[11/12 18:28:14 d2.utils.events]: [0m eta: 14:55:00  iter: 179  total_loss: 4.933  loss_cls: 0.1387  loss_box_reg: 0.148  loss_keypoint: 4.482  loss_rpn_cls: 0.05041  loss_rpn_loc: 0.05585  time: 0.6057  data_time: 0.0328  lr: 0.0013493  max_mem: 5926M
[32m[11/12 18:28:27 d2.utils.events]: [0m eta: 15:14:54  iter: 199  total_loss: 4.825  loss_cls: 0.14  loss_box_reg: 0.1428  loss_keypoint: 4.463  loss_rpn_cls: 0.04826  loss_rpn_loc: 0.04926  time: 0.6143  data_time: 0.0363  lr: 0.0014993  max_mem: 5926M
[32m[11/12 18:28:41 d2.utils.events]: [0m eta: 15:24:36  iter: 219  total_loss: 4.928  loss_cls: 0.1498  loss_box_reg: 0.1654  loss_keypoint: 4.536  loss_rpn_cls: 0.05533  loss_rpn_loc: 0.05079  time: 0.6208  data_time: 0.0362  lr: 0.0016492  max_mem: 5926M
[32m[11/12 18:28:55 d2.utils.events]: [0m eta: 15:27:47  iter: 239  total_loss: 4.796  loss_cls: 0.1351  loss_box_reg: 0.1519  loss_keypoint: 4.354  loss_rpn_cls: 0.04731  loss_rpn_loc: 0.05531  time: 0.6244  data_time: 0.0268  lr: 0.0017991  max_mem: 5926M
[32m[11/12 18:29:09 d2.utils.events]: [0m eta: 15:35:26  iter: 259  total_loss: 4.916  loss_cls: 0.1497  loss_box_reg: 0.1598  loss_keypoint: 4.501  loss_rpn_cls: 0.05482  loss_rpn_loc: 0.05202  time: 0.6309  data_time: 0.0397  lr: 0.001949  max_mem: 5926M
[32m[11/12 18:29:22 d2.utils.events]: [0m eta: 15:39:52  iter: 279  total_loss: 4.956  loss_cls: 0.1442  loss_box_reg: 0.1502  loss_keypoint: 4.598  loss_rpn_cls: 0.04711  loss_rpn_loc: 0.05062  time: 0.6342  data_time: 0.0306  lr: 0.002099  max_mem: 5926M
[32m[11/12 18:29:36 d2.utils.events]: [0m eta: 15:50:54  iter: 299  total_loss: 4.799  loss_cls: 0.1564  loss_box_reg: 0.158  loss_keypoint: 4.38  loss_rpn_cls: 0.047  loss_rpn_loc: 0.04271  time: 0.6389  data_time: 0.0369  lr: 0.0022489  max_mem: 5926M
[32m[11/12 18:29:50 d2.utils.events]: [0m eta: 15:55:43  iter: 319  total_loss: 4.687  loss_cls: 0.1427  loss_box_reg: 0.1479  loss_keypoint: 4.312  loss_rpn_cls: 0.04415  loss_rpn_loc: 0.04532  time: 0.6416  data_time: 0.0354  lr: 0.0023988  max_mem: 5926M
[32m[11/12 18:30:04 d2.utils.events]: [0m eta: 16:01:02  iter: 339  total_loss: 5.015  loss_cls: 0.151  loss_box_reg: 0.164  loss_keypoint: 4.579  loss_rpn_cls: 0.05075  loss_rpn_loc: 0.05539  time: 0.6451  data_time: 0.0325  lr: 0.0025487  max_mem: 6055M
[32m[11/12 18:30:18 d2.utils.events]: [0m eta: 16:06:21  iter: 359  total_loss: 4.691  loss_cls: 0.1497  loss_box_reg: 0.1651  loss_keypoint: 4.271  loss_rpn_cls: 0.04831  loss_rpn_loc: 0.05061  time: 0.6491  data_time: 0.0332  lr: 0.0026987  max_mem: 6182M
[32m[11/12 18:30:33 d2.utils.events]: [0m eta: 16:10:12  iter: 379  total_loss: 4.832  loss_cls: 0.1517  loss_box_reg: 0.1661  loss_keypoint: 4.414  loss_rpn_cls: 0.04711  loss_rpn_loc: 0.0585  time: 0.6527  data_time: 0.0374  lr: 0.0028486  max_mem: 6182M
[32m[11/12 18:30:47 d2.utils.events]: [0m eta: 16:13:42  iter: 399  total_loss: 4.699  loss_cls: 0.1418  loss_box_reg: 0.1469  loss_keypoint: 4.316  loss_rpn_cls: 0.03915  loss_rpn_loc: 0.04311  time: 0.6549  data_time: 0.0262  lr: 0.0029985  max_mem: 6420M
[32m[11/12 18:31:01 d2.utils.events]: [0m eta: 16:15:42  iter: 419  total_loss: 4.834  loss_cls: 0.1387  loss_box_reg: 0.1524  loss_keypoint: 4.431  loss_rpn_cls: 0.03841  loss_rpn_loc: 0.04333  time: 0.6577  data_time: 0.0342  lr: 0.0031484  max_mem: 6420M
[32m[11/12 18:31:15 d2.utils.events]: [0m eta: 16:21:50  iter: 439  total_loss: 4.87  loss_cls: 0.1489  loss_box_reg: 0.1621  loss_keypoint: 4.462  loss_rpn_cls: 0.04392  loss_rpn_loc: 0.04378  time: 0.6592  data_time: 0.0393  lr: 0.0032984  max_mem: 6420M
[32m[11/12 18:31:28 d2.utils.events]: [0m eta: 16:22:29  iter: 459  total_loss: 4.677  loss_cls: 0.136  loss_box_reg: 0.1433  loss_keypoint: 4.311  loss_rpn_cls: 0.04175  loss_rpn_loc: 0.04876  time: 0.6598  data_time: 0.0417  lr: 0.0034483  max_mem: 6420M
[32m[11/12 18:31:42 d2.utils.events]: [0m eta: 16:25:31  iter: 479  total_loss: 4.782  loss_cls: 0.1433  loss_box_reg: 0.1556  loss_keypoint: 4.4  loss_rpn_cls: 0.04386  loss_rpn_loc: 0.05439  time: 0.6612  data_time: 0.0369  lr: 0.0035982  max_mem: 6420M
[32m[11/12 18:31:56 d2.utils.events]: [0m eta: 16:25:18  iter: 499  total_loss: 4.87  loss_cls: 0.1326  loss_box_reg: 0.154  loss_keypoint: 4.426  loss_rpn_cls: 0.05237  loss_rpn_loc: 0.05375  time: 0.6616  data_time: 0.0256  lr: 0.0037481  max_mem: 6420M
[32m[11/12 18:32:10 d2.utils.events]: [0m eta: 16:29:39  iter: 519  total_loss: 4.793  loss_cls: 0.1532  loss_box_reg: 0.1673  loss_keypoint: 4.409  loss_rpn_cls: 0.04378  loss_rpn_loc: 0.04689  time: 0.6629  data_time: 0.0390  lr: 0.0038981  max_mem: 6420M
[32m[11/12 18:32:24 d2.utils.events]: [0m eta: 16:29:26  iter: 539  total_loss: 4.846  loss_cls: 0.1327  loss_box_reg: 0.1484  loss_keypoint: 4.492  loss_rpn_cls: 0.03431  loss_rpn_loc: 0.04176  time: 0.6638  data_time: 0.0369  lr: 0.004048  max_mem: 6420M
[32m[11/12 18:32:38 d2.utils.events]: [0m eta: 16:32:17  iter: 559  total_loss: 4.772  loss_cls: 0.1406  loss_box_reg: 0.1536  loss_keypoint: 4.419  loss_rpn_cls: 0.04593  loss_rpn_loc: 0.04852  time: 0.6656  data_time: 0.0344  lr: 0.0041979  max_mem: 6420M
[32m[11/12 18:32:51 d2.utils.events]: [0m eta: 16:32:04  iter: 579  total_loss: 4.652  loss_cls: 0.1239  loss_box_reg: 0.1303  loss_keypoint: 4.28  loss_rpn_cls: 0.03856  loss_rpn_loc: 0.03704  time: 0.6657  data_time: 0.0370  lr: 0.0043478  max_mem: 6420M
[32m[11/12 18:33:06 d2.utils.events]: [0m eta: 16:34:35  iter: 599  total_loss: 4.815  loss_cls: 0.1385  loss_box_reg: 0.1582  loss_keypoint: 4.395  loss_rpn_cls: 0.04112  loss_rpn_loc: 0.04339  time: 0.6672  data_time: 0.0337  lr: 0.0044978  max_mem: 6420M
[32m[11/12 18:33:19 d2.utils.events]: [0m eta: 16:34:22  iter: 619  total_loss: 4.816  loss_cls: 0.1366  loss_box_reg: 0.1519  loss_keypoint: 4.428  loss_rpn_cls: 0.04481  loss_rpn_loc: 0.04158  time: 0.6669  data_time: 0.0330  lr: 0.0046477  max_mem: 6420M
[32m[11/12 18:33:33 d2.utils.events]: [0m eta: 16:34:57  iter: 639  total_loss: 4.791  loss_cls: 0.1365  loss_box_reg: 0.152  loss_keypoint: 4.358  loss_rpn_cls: 0.04136  loss_rpn_loc: 0.0446  time: 0.6679  data_time: 0.0326  lr: 0.0047976  max_mem: 6420M
[32m[11/12 18:33:46 d2.utils.events]: [0m eta: 16:35:41  iter: 659  total_loss: 4.687  loss_cls: 0.1347  loss_box_reg: 0.1412  loss_keypoint: 4.343  loss_rpn_cls: 0.04209  loss_rpn_loc: 0.04644  time: 0.6684  data_time: 0.0337  lr: 0.0049475  max_mem: 6420M
[32m[11/12 18:34:00 d2.utils.events]: [0m eta: 16:36:00  iter: 679  total_loss: 4.85  loss_cls: 0.1523  loss_box_reg: 0.1613  loss_keypoint: 4.422  loss_rpn_cls: 0.04667  loss_rpn_loc: 0.05653  time: 0.6686  data_time: 0.0362  lr: 0.0050975  max_mem: 6420M
[32m[11/12 18:34:14 d2.utils.events]: [0m eta: 16:35:46  iter: 699  total_loss: 4.752  loss_cls: 0.1371  loss_box_reg: 0.1512  loss_keypoint: 4.396  loss_rpn_cls: 0.04151  loss_rpn_loc: 0.04051  time: 0.6690  data_time: 0.0292  lr: 0.0052474  max_mem: 6420M
[32m[11/12 18:34:27 d2.utils.events]: [0m eta: 16:34:46  iter: 719  total_loss: 4.801  loss_cls: 0.1356  loss_box_reg: 0.1549  loss_keypoint: 4.404  loss_rpn_cls: 0.04146  loss_rpn_loc: 0.04263  time: 0.6689  data_time: 0.0320  lr: 0.0053973  max_mem: 6420M
[32m[11/12 18:34:41 d2.utils.events]: [0m eta: 16:34:33  iter: 739  total_loss: 4.637  loss_cls: 0.1434  loss_box_reg: 0.1556  loss_keypoint: 4.294  loss_rpn_cls: 0.04119  loss_rpn_loc: 0.03851  time: 0.6694  data_time: 0.0370  lr: 0.0055472  max_mem: 6420M
[32m[11/12 18:34:54 d2.utils.events]: [0m eta: 16:34:07  iter: 759  total_loss: 4.725  loss_cls: 0.1408  loss_box_reg: 0.1529  loss_keypoint: 4.333  loss_rpn_cls: 0.04665  loss_rpn_loc: 0.04456  time: 0.6697  data_time: 0.0366  lr: 0.0056972  max_mem: 6420M
[32m[11/12 18:35:09 d2.utils.events]: [0m eta: 16:34:53  iter: 779  total_loss: 4.751  loss_cls: 0.1482  loss_box_reg: 0.1509  loss_keypoint: 4.363  loss_rpn_cls: 0.04366  loss_rpn_loc: 0.04605  time: 0.6706  data_time: 0.0366  lr: 0.0058471  max_mem: 6420M
[32m[11/12 18:35:22 d2.utils.events]: [0m eta: 16:33:41  iter: 799  total_loss: 4.889  loss_cls: 0.1448  loss_box_reg: 0.1589  loss_keypoint: 4.532  loss_rpn_cls: 0.04598  loss_rpn_loc: 0.04471  time: 0.6704  data_time: 0.0350  lr: 0.005997  max_mem: 6420M
[32m[11/12 18:35:36 d2.utils.events]: [0m eta: 16:36:31  iter: 819  total_loss: 4.812  loss_cls: 0.1512  loss_box_reg: 0.1706  loss_keypoint: 4.415  loss_rpn_cls: 0.0452  loss_rpn_loc: 0.04586  time: 0.6714  data_time: 0.0281  lr: 0.0061469  max_mem: 6420M
[32m[11/12 18:35:51 d2.utils.events]: [0m eta: 16:38:00  iter: 839  total_loss: 4.858  loss_cls: 0.1459  loss_box_reg: 0.1636  loss_keypoint: 4.385  loss_rpn_cls: 0.04231  loss_rpn_loc: 0.05202  time: 0.6726  data_time: 0.0324  lr: 0.0062969  max_mem: 6420M
[32m[11/12 18:36:04 d2.utils.events]: [0m eta: 16:37:24  iter: 859  total_loss: 4.714  loss_cls: 0.1276  loss_box_reg: 0.1338  loss_keypoint: 4.378  loss_rpn_cls: 0.03726  loss_rpn_loc: 0.03937  time: 0.6724  data_time: 0.0292  lr: 0.0064468  max_mem: 6420M
[32m[11/12 18:36:18 d2.utils.events]: [0m eta: 16:39:24  iter: 879  total_loss: 4.809  loss_cls: 0.1486  loss_box_reg: 0.1558  loss_keypoint: 4.419  loss_rpn_cls: 0.04835  loss_rpn_loc: 0.04774  time: 0.6730  data_time: 0.0288  lr: 0.0065967  max_mem: 6420M
[32m[11/12 18:36:32 d2.utils.events]: [0m eta: 16:43:47  iter: 899  total_loss: 4.94  loss_cls: 0.15  loss_box_reg: 0.166  loss_keypoint: 4.498  loss_rpn_cls: 0.04533  loss_rpn_loc: 0.04708  time: 0.6742  data_time: 0.0325  lr: 0.0067466  max_mem: 6420M
[32m[11/12 18:36:47 d2.utils.events]: [0m eta: 16:45:59  iter: 919  total_loss: 4.909  loss_cls: 0.1562  loss_box_reg: 0.1628  loss_keypoint: 4.48  loss_rpn_cls: 0.03743  loss_rpn_loc: 0.04764  time: 0.6752  data_time: 0.0415  lr: 0.0068966  max_mem: 6420M
[32m[11/12 18:37:01 d2.utils.events]: [0m eta: 16:46:04  iter: 939  total_loss: 4.643  loss_cls: 0.1375  loss_box_reg: 0.1607  loss_keypoint: 4.251  loss_rpn_cls: 0.04284  loss_rpn_loc: 0.04589  time: 0.6755  data_time: 0.0425  lr: 0.0070465  max_mem: 6420M
[32m[11/12 18:37:15 d2.utils.events]: [0m eta: 16:46:09  iter: 959  total_loss: 4.756  loss_cls: 0.1402  loss_box_reg: 0.1492  loss_keypoint: 4.379  loss_rpn_cls: 0.04212  loss_rpn_loc: 0.04849  time: 0.6760  data_time: 0.0315  lr: 0.0071964  max_mem: 6420M
[32m[11/12 18:37:29 d2.utils.events]: [0m eta: 16:46:08  iter: 979  total_loss: 4.717  loss_cls: 0.1344  loss_box_reg: 0.1379  loss_keypoint: 4.34  loss_rpn_cls: 0.04246  loss_rpn_loc: 0.04391  time: 0.6766  data_time: 0.0381  lr: 0.0073463  max_mem: 6420M
[32m[11/12 18:37:42 d2.utils.events]: [0m eta: 16:45:12  iter: 999  total_loss: 4.677  loss_cls: 0.1195  loss_box_reg: 0.1239  loss_keypoint: 4.346  loss_rpn_cls: 0.04065  loss_rpn_loc: 0.04259  time: 0.6761  data_time: 0.0339  lr: 0.0074963  max_mem: 6420M
[32m[11/12 18:37:55 d2.utils.events]: [0m eta: 16:46:10  iter: 1019  total_loss: 4.725  loss_cls: 0.1448  loss_box_reg: 0.1517  loss_keypoint: 4.356  loss_rpn_cls: 0.04566  loss_rpn_loc: 0.05205  time: 0.6762  data_time: 0.0315  lr: 0.0076462  max_mem: 6420M
[32m[11/12 18:38:09 d2.utils.events]: [0m eta: 16:49:37  iter: 1039  total_loss: 4.713  loss_cls: 0.1343  loss_box_reg: 0.1486  loss_keypoint: 4.335  loss_rpn_cls: 0.04913  loss_rpn_loc: 0.04061  time: 0.6765  data_time: 0.0320  lr: 0.0077961  max_mem: 6420M
[32m[11/12 18:38:23 d2.utils.events]: [0m eta: 16:52:17  iter: 1059  total_loss: 4.582  loss_cls: 0.1136  loss_box_reg: 0.125  loss_keypoint: 4.242  loss_rpn_cls: 0.03857  loss_rpn_loc: 0.04015  time: 0.6763  data_time: 0.0301  lr: 0.007946  max_mem: 6420M
[32m[11/12 18:38:37 d2.utils.events]: [0m eta: 16:55:08  iter: 1079  total_loss: 4.9  loss_cls: 0.1527  loss_box_reg: 0.1572  loss_keypoint: 4.454  loss_rpn_cls: 0.05139  loss_rpn_loc: 0.04498  time: 0.6768  data_time: 0.0370  lr: 0.008096  max_mem: 6420M
[32m[11/12 18:38:51 d2.utils.events]: [0m eta: 16:58:38  iter: 1099  total_loss: 4.74  loss_cls: 0.1396  loss_box_reg: 0.1529  loss_keypoint: 4.306  loss_rpn_cls: 0.04829  loss_rpn_loc: 0.05302  time: 0.6772  data_time: 0.0362  lr: 0.0082459  max_mem: 6420M
[32m[11/12 18:39:04 d2.utils.events]: [0m eta: 16:59:51  iter: 1119  total_loss: 4.632  loss_cls: 0.1339  loss_box_reg: 0.1531  loss_keypoint: 4.254  loss_rpn_cls: 0.03832  loss_rpn_loc: 0.03994  time: 0.6772  data_time: 0.0355  lr: 0.0083958  max_mem: 6420M
[32m[11/12 18:39:18 d2.utils.events]: [0m eta: 17:00:03  iter: 1139  total_loss: 4.741  loss_cls: 0.144  loss_box_reg: 0.1483  loss_keypoint: 4.349  loss_rpn_cls: 0.04147  loss_rpn_loc: 0.04621  time: 0.6772  data_time: 0.0358  lr: 0.0085457  max_mem: 6420M
[32m[11/12 18:39:32 d2.utils.events]: [0m eta: 17:00:46  iter: 1159  total_loss: 4.835  loss_cls: 0.1392  loss_box_reg: 0.1524  loss_keypoint: 4.394  loss_rpn_cls: 0.04222  loss_rpn_loc: 0.04305  time: 0.6774  data_time: 0.0351  lr: 0.0086957  max_mem: 6420M
[32m[11/12 18:39:46 d2.utils.events]: [0m eta: 17:01:11  iter: 1179  total_loss: 4.605  loss_cls: 0.1561  loss_box_reg: 0.1576  loss_keypoint: 4.252  loss_rpn_cls: 0.03886  loss_rpn_loc: 0.04586  time: 0.6780  data_time: 0.0366  lr: 0.0088456  max_mem: 6420M
[32m[11/12 18:40:00 d2.utils.events]: [0m eta: 17:00:40  iter: 1199  total_loss: 4.716  loss_cls: 0.1317  loss_box_reg: 0.1492  loss_keypoint: 4.299  loss_rpn_cls: 0.04244  loss_rpn_loc: 0.05106  time: 0.6780  data_time: 0.0305  lr: 0.0089955  max_mem: 6420M
[32m[11/12 18:40:14 d2.utils.events]: [0m eta: 17:00:44  iter: 1219  total_loss: 4.788  loss_cls: 0.1401  loss_box_reg: 0.1578  loss_keypoint: 4.399  loss_rpn_cls: 0.03902  loss_rpn_loc: 0.04481  time: 0.6785  data_time: 0.0356  lr: 0.0091454  max_mem: 6420M
[32m[11/12 18:40:28 d2.utils.events]: [0m eta: 17:00:30  iter: 1239  total_loss: 4.794  loss_cls: 0.1261  loss_box_reg: 0.1406  loss_keypoint: 4.404  loss_rpn_cls: 0.04366  loss_rpn_loc: 0.04425  time: 0.6785  data_time: 0.0304  lr: 0.0092954  max_mem: 6420M
[32m[11/12 18:40:41 d2.utils.events]: [0m eta: 16:59:50  iter: 1259  total_loss: 4.627  loss_cls: 0.1264  loss_box_reg: 0.1335  loss_keypoint: 4.277  loss_rpn_cls: 0.04315  loss_rpn_loc: 0.04731  time: 0.6786  data_time: 0.0337  lr: 0.0094453  max_mem: 6420M
[32m[11/12 18:40:55 d2.utils.events]: [0m eta: 17:00:20  iter: 1279  total_loss: 4.713  loss_cls: 0.1351  loss_box_reg: 0.1491  loss_keypoint: 4.323  loss_rpn_cls: 0.04238  loss_rpn_loc: 0.04618  time: 0.6787  data_time: 0.0384  lr: 0.0095952  max_mem: 6420M
[32m[11/12 18:41:08 d2.utils.events]: [0m eta: 16:59:10  iter: 1299  total_loss: 4.664  loss_cls: 0.133  loss_box_reg: 0.1439  loss_keypoint: 4.281  loss_rpn_cls: 0.04757  loss_rpn_loc: 0.05591  time: 0.6786  data_time: 0.0356  lr: 0.0097451  max_mem: 6420M
[32m[11/12 18:41:22 d2.utils.events]: [0m eta: 16:58:56  iter: 1319  total_loss: 4.7  loss_cls: 0.1353  loss_box_reg: 0.1413  loss_keypoint: 4.328  loss_rpn_cls: 0.03596  loss_rpn_loc: 0.03899  time: 0.6786  data_time: 0.0374  lr: 0.0098951  max_mem: 6420M
[32m[11/12 18:41:36 d2.utils.events]: [0m eta: 16:58:23  iter: 1339  total_loss: 4.667  loss_cls: 0.1393  loss_box_reg: 0.1537  loss_keypoint: 4.27  loss_rpn_cls: 0.04494  loss_rpn_loc: 0.04966  time: 0.6790  data_time: 0.0345  lr: 0.010045  max_mem: 6420M
[32m[11/12 18:41:50 d2.utils.events]: [0m eta: 16:57:19  iter: 1359  total_loss: 4.774  loss_cls: 0.1191  loss_box_reg: 0.1466  loss_keypoint: 4.361  loss_rpn_cls: 0.04355  loss_rpn_loc: 0.03921  time: 0.6793  data_time: 0.0308  lr: 0.010195  max_mem: 6420M
[32m[11/12 18:42:04 d2.utils.events]: [0m eta: 16:55:46  iter: 1379  total_loss: 4.768  loss_cls: 0.1386  loss_box_reg: 0.146  loss_keypoint: 4.415  loss_rpn_cls: 0.03838  loss_rpn_loc: 0.03949  time: 0.6796  data_time: 0.0358  lr: 0.010345  max_mem: 6420M
[32m[11/12 18:42:18 d2.utils.events]: [0m eta: 16:55:33  iter: 1399  total_loss: 4.718  loss_cls: 0.1366  loss_box_reg: 0.147  loss_keypoint: 4.3  loss_rpn_cls: 0.03574  loss_rpn_loc: 0.04383  time: 0.6798  data_time: 0.0419  lr: 0.010495  max_mem: 6420M
[32m[11/12 18:42:32 d2.utils.events]: [0m eta: 16:54:13  iter: 1419  total_loss: 4.709  loss_cls: 0.1188  loss_box_reg: 0.1375  loss_keypoint: 4.347  loss_rpn_cls: 0.04015  loss_rpn_loc: 0.04244  time: 0.6801  data_time: 0.0397  lr: 0.010645  max_mem: 6420M
[32m[11/12 18:42:46 d2.utils.events]: [0m eta: 16:52:57  iter: 1439  total_loss: 4.728  loss_cls: 0.1325  loss_box_reg: 0.141  loss_keypoint: 4.325  loss_rpn_cls: 0.04568  loss_rpn_loc: 0.05408  time: 0.6801  data_time: 0.0365  lr: 0.010795  max_mem: 6420M
[32m[11/12 18:43:00 d2.utils.events]: [0m eta: 16:53:35  iter: 1459  total_loss: 4.884  loss_cls: 0.1252  loss_box_reg: 0.1331  loss_keypoint: 4.451  loss_rpn_cls: 0.04297  loss_rpn_loc: 0.0524  time: 0.6801  data_time: 0.0367  lr: 0.010945  max_mem: 6420M
[32m[11/12 18:43:13 d2.utils.events]: [0m eta: 16:51:05  iter: 1479  total_loss: 4.724  loss_cls: 0.1343  loss_box_reg: 0.1495  loss_keypoint: 4.342  loss_rpn_cls: 0.04303  loss_rpn_loc: 0.04514  time: 0.6801  data_time: 0.0363  lr: 0.011094  max_mem: 6420M
[32m[11/12 18:43:27 d2.utils.events]: [0m eta: 16:52:15  iter: 1499  total_loss: 4.834  loss_cls: 0.1449  loss_box_reg: 0.1486  loss_keypoint: 4.428  loss_rpn_cls: 0.04097  loss_rpn_loc: 0.05563  time: 0.6803  data_time: 0.0356  lr: 0.011244  max_mem: 6420M
[32m[11/12 18:43:41 d2.utils.events]: [0m eta: 16:49:58  iter: 1519  total_loss: 4.596  loss_cls: 0.1305  loss_box_reg: 0.1398  loss_keypoint: 4.221  loss_rpn_cls: 0.04628  loss_rpn_loc: 0.04581  time: 0.6802  data_time: 0.0340  lr: 0.011394  max_mem: 6420M
[32m[11/12 18:43:55 d2.utils.events]: [0m eta: 16:50:04  iter: 1539  total_loss: 4.703  loss_cls: 0.1391  loss_box_reg: 0.1477  loss_keypoint: 4.362  loss_rpn_cls: 0.03541  loss_rpn_loc: 0.03804  time: 0.6805  data_time: 0.0375  lr: 0.011544  max_mem: 6420M
[32m[11/12 18:44:08 d2.utils.events]: [0m eta: 16:49:10  iter: 1559  total_loss: 4.727  loss_cls: 0.1216  loss_box_reg: 0.1339  loss_keypoint: 4.372  loss_rpn_cls: 0.03645  loss_rpn_loc: 0.04012  time: 0.6804  data_time: 0.0406  lr: 0.011694  max_mem: 6420M
[32m[11/12 18:44:22 d2.utils.events]: [0m eta: 16:49:16  iter: 1579  total_loss: 4.696  loss_cls: 0.1248  loss_box_reg: 0.1257  loss_keypoint: 4.376  loss_rpn_cls: 0.04212  loss_rpn_loc: 0.03651  time: 0.6803  data_time: 0.0367  lr: 0.011844  max_mem: 6420M
[32m[11/12 18:44:35 d2.utils.events]: [0m eta: 16:49:00  iter: 1599  total_loss: 4.697  loss_cls: 0.1224  loss_box_reg: 0.1354  loss_keypoint: 4.307  loss_rpn_cls: 0.03563  loss_rpn_loc: 0.0504  time: 0.6802  data_time: 0.0303  lr: 0.011994  max_mem: 6420M
[32m[11/12 18:44:49 d2.utils.events]: [0m eta: 16:48:49  iter: 1619  total_loss: 4.683  loss_cls: 0.144  loss_box_reg: 0.1529  loss_keypoint: 4.297  loss_rpn_cls: 0.03719  loss_rpn_loc: 0.03762  time: 0.6803  data_time: 0.0359  lr: 0.012144  max_mem: 6420M
[32m[11/12 18:45:03 d2.utils.events]: [0m eta: 16:48:35  iter: 1639  total_loss: 4.806  loss_cls: 0.1323  loss_box_reg: 0.144  loss_keypoint: 4.411  loss_rpn_cls: 0.04517  loss_rpn_loc: 0.05723  time: 0.6804  data_time: 0.0356  lr: 0.012294  max_mem: 6420M
[32m[11/12 18:45:17 d2.utils.events]: [0m eta: 16:48:28  iter: 1659  total_loss: 4.667  loss_cls: 0.1204  loss_box_reg: 0.1304  loss_keypoint: 4.336  loss_rpn_cls: 0.03228  loss_rpn_loc: 0.04407  time: 0.6805  data_time: 0.0380  lr: 0.012444  max_mem: 6420M
[32m[11/12 18:45:30 d2.utils.events]: [0m eta: 16:48:48  iter: 1679  total_loss: 4.79  loss_cls: 0.1447  loss_box_reg: 0.1564  loss_keypoint: 4.363  loss_rpn_cls: 0.04154  loss_rpn_loc: 0.04924  time: 0.6807  data_time: 0.0415  lr: 0.012594  max_mem: 6420M
[32m[11/12 18:45:44 d2.utils.events]: [0m eta: 16:48:53  iter: 1699  total_loss: 4.739  loss_cls: 0.1387  loss_box_reg: 0.1448  loss_keypoint: 4.323  loss_rpn_cls: 0.04223  loss_rpn_loc: 0.04572  time: 0.6809  data_time: 0.0316  lr: 0.012744  max_mem: 6420M
[32m[11/12 18:45:58 d2.utils.events]: [0m eta: 16:50:28  iter: 1719  total_loss: 4.66  loss_cls: 0.1263  loss_box_reg: 0.1393  loss_keypoint: 4.314  loss_rpn_cls: 0.03763  loss_rpn_loc: 0.0447  time: 0.6810  data_time: 0.0392  lr: 0.012894  max_mem: 6420M
[32m[11/12 18:46:12 d2.utils.events]: [0m eta: 16:49:31  iter: 1739  total_loss: 4.661  loss_cls: 0.1292  loss_box_reg: 0.1404  loss_keypoint: 4.31  loss_rpn_cls: 0.03426  loss_rpn_loc: 0.04207  time: 0.6810  data_time: 0.0379  lr: 0.013043  max_mem: 6420M
[32m[11/12 18:46:26 d2.utils.events]: [0m eta: 16:48:12  iter: 1759  total_loss: 4.691  loss_cls: 0.1288  loss_box_reg: 0.125  loss_keypoint: 4.395  loss_rpn_cls: 0.0443  loss_rpn_loc: 0.04404  time: 0.6810  data_time: 0.0392  lr: 0.013193  max_mem: 6420M
[32m[11/12 18:46:39 d2.utils.events]: [0m eta: 16:47:30  iter: 1779  total_loss: 4.7  loss_cls: 0.1312  loss_box_reg: 0.1464  loss_keypoint: 4.38  loss_rpn_cls: 0.04246  loss_rpn_loc: 0.05574  time: 0.6808  data_time: 0.0380  lr: 0.013343  max_mem: 6420M
[32m[11/12 18:46:53 d2.utils.events]: [0m eta: 16:47:38  iter: 1799  total_loss: 4.625  loss_cls: 0.126  loss_box_reg: 0.1382  loss_keypoint: 4.273  loss_rpn_cls: 0.04271  loss_rpn_loc: 0.03824  time: 0.6809  data_time: 0.0372  lr: 0.013493  max_mem: 6420M
[32m[11/12 18:47:07 d2.utils.events]: [0m eta: 16:46:29  iter: 1819  total_loss: 4.727  loss_cls: 0.1373  loss_box_reg: 0.1426  loss_keypoint: 4.36  loss_rpn_cls: 0.04966  loss_rpn_loc: 0.05204  time: 0.6810  data_time: 0.0326  lr: 0.013643  max_mem: 6420M
[32m[11/12 18:47:21 d2.utils.events]: [0m eta: 16:45:39  iter: 1839  total_loss: 4.766  loss_cls: 0.1451  loss_box_reg: 0.1635  loss_keypoint: 4.341  loss_rpn_cls: 0.03919  loss_rpn_loc: 0.04524  time: 0.6812  data_time: 0.0326  lr: 0.013793  max_mem: 6420M
[32m[11/12 18:47:34 d2.utils.events]: [0m eta: 16:45:14  iter: 1859  total_loss: 4.7  loss_cls: 0.1306  loss_box_reg: 0.1443  loss_keypoint: 4.327  loss_rpn_cls: 0.04783  loss_rpn_loc: 0.0474  time: 0.6811  data_time: 0.0341  lr: 0.013943  max_mem: 6420M
[32m[11/12 18:47:48 d2.utils.events]: [0m eta: 16:44:30  iter: 1879  total_loss: 4.669  loss_cls: 0.1331  loss_box_reg: 0.1514  loss_keypoint: 4.268  loss_rpn_cls: 0.04739  loss_rpn_loc: 0.04824  time: 0.6811  data_time: 0.0418  lr: 0.014093  max_mem: 6420M
[32m[11/12 18:48:02 d2.utils.events]: [0m eta: 16:43:41  iter: 1899  total_loss: 4.654  loss_cls: 0.1355  loss_box_reg: 0.1511  loss_keypoint: 4.263  loss_rpn_cls: 0.04465  loss_rpn_loc: 0.05119  time: 0.6814  data_time: 0.0376  lr: 0.014243  max_mem: 6420M
[32m[11/12 18:48:16 d2.utils.events]: [0m eta: 16:43:06  iter: 1919  total_loss: 4.669  loss_cls: 0.131  loss_box_reg: 0.135  loss_keypoint: 4.326  loss_rpn_cls: 0.03782  loss_rpn_loc: 0.04594  time: 0.6815  data_time: 0.0385  lr: 0.014393  max_mem: 6420M
[32m[11/12 18:48:29 d2.utils.events]: [0m eta: 16:41:56  iter: 1939  total_loss: 4.697  loss_cls: 0.134  loss_box_reg: 0.1373  loss_keypoint: 4.331  loss_rpn_cls: 0.04009  loss_rpn_loc: 0.04314  time: 0.6814  data_time: 0.0458  lr: 0.014543  max_mem: 6420M
[32m[11/12 18:48:43 d2.utils.events]: [0m eta: 16:41:43  iter: 1959  total_loss: 4.746  loss_cls: 0.1247  loss_box_reg: 0.1372  loss_keypoint: 4.385  loss_rpn_cls: 0.04581  loss_rpn_loc: 0.04372  time: 0.6815  data_time: 0.0431  lr: 0.014693  max_mem: 6420M
[32m[11/12 18:48:57 d2.utils.events]: [0m eta: 16:41:29  iter: 1979  total_loss: 4.653  loss_cls: 0.1419  loss_box_reg: 0.148  loss_keypoint: 4.259  loss_rpn_cls: 0.04055  loss_rpn_loc: 0.0487  time: 0.6818  data_time: 0.0442  lr: 0.014843  max_mem: 6420M
[32m[11/12 18:49:11 d2.utils.events]: [0m eta: 16:41:36  iter: 1999  total_loss: 4.84  loss_cls: 0.1257  loss_box_reg: 0.1364  loss_keypoint: 4.451  loss_rpn_cls: 0.04025  loss_rpn_loc: 0.04197  time: 0.6816  data_time: 0.0376  lr: 0.014993  max_mem: 6420M
[32m[11/12 18:49:25 d2.utils.events]: [0m eta: 16:42:01  iter: 2019  total_loss: 4.74  loss_cls: 0.1356  loss_box_reg: 0.1436  loss_keypoint: 4.364  loss_rpn_cls: 0.03847  loss_rpn_loc: 0.03857  time: 0.6819  data_time: 0.0401  lr: 0.015  max_mem: 6420M
[32m[11/12 18:49:39 d2.utils.events]: [0m eta: 16:41:55  iter: 2039  total_loss: 4.672  loss_cls: 0.137  loss_box_reg: 0.1403  loss_keypoint: 4.317  loss_rpn_cls: 0.04176  loss_rpn_loc: 0.04576  time: 0.6821  data_time: 0.0275  lr: 0.015  max_mem: 6420M
[32m[11/12 18:49:53 d2.utils.events]: [0m eta: 16:41:47  iter: 2059  total_loss: 4.733  loss_cls: 0.135  loss_box_reg: 0.1467  loss_keypoint: 4.359  loss_rpn_cls: 0.04092  loss_rpn_loc: 0.05054  time: 0.6822  data_time: 0.0412  lr: 0.015  max_mem: 6420M
[32m[11/12 18:50:07 d2.utils.events]: [0m eta: 16:41:10  iter: 2079  total_loss: 4.775  loss_cls: 0.1389  loss_box_reg: 0.1507  loss_keypoint: 4.39  loss_rpn_cls: 0.04546  loss_rpn_loc: 0.04705  time: 0.6823  data_time: 0.0364  lr: 0.015  max_mem: 6420M
[32m[11/12 18:50:21 d2.utils.events]: [0m eta: 16:40:42  iter: 2099  total_loss: 4.727  loss_cls: 0.1272  loss_box_reg: 0.1369  loss_keypoint: 4.345  loss_rpn_cls: 0.03791  loss_rpn_loc: 0.04784  time: 0.6824  data_time: 0.0400  lr: 0.015  max_mem: 6420M
[32m[11/12 18:50:34 d2.utils.events]: [0m eta: 16:40:34  iter: 2119  total_loss: 4.713  loss_cls: 0.1323  loss_box_reg: 0.1447  loss_keypoint: 4.299  loss_rpn_cls: 0.0466  loss_rpn_loc: 0.05556  time: 0.6823  data_time: 0.0361  lr: 0.015  max_mem: 6420M
[32m[11/12 18:50:48 d2.utils.events]: [0m eta: 16:40:20  iter: 2139  total_loss: 4.583  loss_cls: 0.1239  loss_box_reg: 0.1343  loss_keypoint: 4.218  loss_rpn_cls: 0.03913  loss_rpn_loc: 0.04174  time: 0.6824  data_time: 0.0399  lr: 0.015  max_mem: 6420M
[32m[11/12 18:51:02 d2.utils.events]: [0m eta: 16:40:01  iter: 2159  total_loss: 4.802  loss_cls: 0.1373  loss_box_reg: 0.1438  loss_keypoint: 4.415  loss_rpn_cls: 0.05121  loss_rpn_loc: 0.05063  time: 0.6824  data_time: 0.0344  lr: 0.015  max_mem: 6420M
[32m[11/12 18:51:15 d2.utils.events]: [0m eta: 16:39:13  iter: 2179  total_loss: 4.597  loss_cls: 0.1347  loss_box_reg: 0.1406  loss_keypoint: 4.204  loss_rpn_cls: 0.05501  loss_rpn_loc: 0.05548  time: 0.6823  data_time: 0.0379  lr: 0.015  max_mem: 6420M
[32m[11/12 18:51:29 d2.utils.events]: [0m eta: 16:39:48  iter: 2199  total_loss: 4.703  loss_cls: 0.1202  loss_box_reg: 0.1409  loss_keypoint: 4.341  loss_rpn_cls: 0.05165  loss_rpn_loc: 0.04973  time: 0.6824  data_time: 0.0377  lr: 0.015  max_mem: 6420M
[32m[11/12 18:51:43 d2.utils.events]: [0m eta: 16:39:20  iter: 2219  total_loss: 4.68  loss_cls: 0.1288  loss_box_reg: 0.1405  loss_keypoint: 4.31  loss_rpn_cls: 0.03637  loss_rpn_loc: 0.0514  time: 0.6825  data_time: 0.0405  lr: 0.015  max_mem: 6420M
[32m[11/12 18:51:57 d2.utils.events]: [0m eta: 16:39:07  iter: 2239  total_loss: 4.778  loss_cls: 0.1358  loss_box_reg: 0.1338  loss_keypoint: 4.385  loss_rpn_cls: 0.03964  loss_rpn_loc: 0.0518  time: 0.6825  data_time: 0.0393  lr: 0.015  max_mem: 6420M
[32m[11/12 18:52:11 d2.utils.events]: [0m eta: 16:39:04  iter: 2259  total_loss: 4.605  loss_cls: 0.1271  loss_box_reg: 0.129  loss_keypoint: 4.268  loss_rpn_cls: 0.04093  loss_rpn_loc: 0.04155  time: 0.6829  data_time: 0.0730  lr: 0.015  max_mem: 6420M
[32m[11/12 18:52:25 d2.utils.events]: [0m eta: 16:38:39  iter: 2279  total_loss: 4.719  loss_cls: 0.1345  loss_box_reg: 0.1267  loss_keypoint: 4.391  loss_rpn_cls: 0.03918  loss_rpn_loc: 0.03757  time: 0.6828  data_time: 0.0345  lr: 0.015  max_mem: 6420M
[32m[11/12 18:52:38 d2.utils.events]: [0m eta: 16:38:39  iter: 2299  total_loss: 4.688  loss_cls: 0.1335  loss_box_reg: 0.1436  loss_keypoint: 4.251  loss_rpn_cls: 0.04503  loss_rpn_loc: 0.05049  time: 0.6827  data_time: 0.0325  lr: 0.015  max_mem: 6420M
[32m[11/12 18:52:52 d2.utils.events]: [0m eta: 16:38:43  iter: 2319  total_loss: 4.702  loss_cls: 0.1319  loss_box_reg: 0.1451  loss_keypoint: 4.374  loss_rpn_cls: 0.0418  loss_rpn_loc: 0.04323  time: 0.6828  data_time: 0.0350  lr: 0.015  max_mem: 6420M
[32m[11/12 18:53:06 d2.utils.events]: [0m eta: 16:38:32  iter: 2339  total_loss: 4.666  loss_cls: 0.1304  loss_box_reg: 0.147  loss_keypoint: 4.262  loss_rpn_cls: 0.04162  loss_rpn_loc: 0.04895  time: 0.6829  data_time: 0.0298  lr: 0.015  max_mem: 6420M
[32m[11/12 18:53:19 d2.utils.events]: [0m eta: 16:37:45  iter: 2359  total_loss: 4.557  loss_cls: 0.1229  loss_box_reg: 0.1349  loss_keypoint: 4.208  loss_rpn_cls: 0.03652  loss_rpn_loc: 0.03764  time: 0.6827  data_time: 0.0262  lr: 0.015  max_mem: 6420M
[32m[11/12 18:53:33 d2.utils.events]: [0m eta: 16:36:43  iter: 2379  total_loss: 4.645  loss_cls: 0.1221  loss_box_reg: 0.1264  loss_keypoint: 4.327  loss_rpn_cls: 0.03746  loss_rpn_loc: 0.03908  time: 0.6827  data_time: 0.0301  lr: 0.015  max_mem: 6420M
[32m[11/12 18:53:47 d2.utils.events]: [0m eta: 16:36:08  iter: 2399  total_loss: 4.75  loss_cls: 0.1334  loss_box_reg: 0.1527  loss_keypoint: 4.399  loss_rpn_cls: 0.03667  loss_rpn_loc: 0.03785  time: 0.6828  data_time: 0.0348  lr: 0.015  max_mem: 6420M
[32m[11/12 18:54:01 d2.utils.events]: [0m eta: 16:37:04  iter: 2419  total_loss: 4.635  loss_cls: 0.1294  loss_box_reg: 0.1333  loss_keypoint: 4.322  loss_rpn_cls: 0.03923  loss_rpn_loc: 0.04152  time: 0.6828  data_time: 0.0308  lr: 0.015  max_mem: 6420M
[32m[11/12 18:54:15 d2.utils.events]: [0m eta: 16:36:50  iter: 2439  total_loss: 4.746  loss_cls: 0.1412  loss_box_reg: 0.1472  loss_keypoint: 4.322  loss_rpn_cls: 0.04884  loss_rpn_loc: 0.05342  time: 0.6829  data_time: 0.0391  lr: 0.015  max_mem: 6420M
[32m[11/12 18:54:29 d2.utils.events]: [0m eta: 16:36:49  iter: 2459  total_loss: 4.644  loss_cls: 0.1345  loss_box_reg: 0.1496  loss_keypoint: 4.251  loss_rpn_cls: 0.04268  loss_rpn_loc: 0.0511  time: 0.6830  data_time: 0.0299  lr: 0.015  max_mem: 6420M
[32m[11/12 18:54:42 d2.utils.events]: [0m eta: 16:36:08  iter: 2479  total_loss: 4.669  loss_cls: 0.1254  loss_box_reg: 0.1366  loss_keypoint: 4.302  loss_rpn_cls: 0.04908  loss_rpn_loc: 0.04468  time: 0.6829  data_time: 0.0289  lr: 0.015  max_mem: 6420M
[32m[11/12 18:54:56 d2.utils.events]: [0m eta: 16:36:23  iter: 2499  total_loss: 4.606  loss_cls: 0.1243  loss_box_reg: 0.1411  loss_keypoint: 4.232  loss_rpn_cls: 0.04116  loss_rpn_loc: 0.04379  time: 0.6829  data_time: 0.0377  lr: 0.015  max_mem: 6420M
[32m[11/12 18:55:10 d2.utils.events]: [0m eta: 16:37:13  iter: 2519  total_loss: 4.556  loss_cls: 0.1275  loss_box_reg: 0.1422  loss_keypoint: 4.194  loss_rpn_cls: 0.03897  loss_rpn_loc: 0.04578  time: 0.6831  data_time: 0.0342  lr: 0.015  max_mem: 6420M
[32m[11/12 18:55:24 d2.utils.events]: [0m eta: 16:36:28  iter: 2539  total_loss: 4.705  loss_cls: 0.1295  loss_box_reg: 0.1397  loss_keypoint: 4.352  loss_rpn_cls: 0.03781  loss_rpn_loc: 0.04505  time: 0.6831  data_time: 0.0426  lr: 0.015  max_mem: 6420M
[32m[11/12 18:55:37 d2.utils.events]: [0m eta: 16:36:00  iter: 2559  total_loss: 4.578  loss_cls: 0.1398  loss_box_reg: 0.1436  loss_keypoint: 4.198  loss_rpn_cls: 0.04006  loss_rpn_loc: 0.04693  time: 0.6830  data_time: 0.0257  lr: 0.015  max_mem: 6420M
[32m[11/12 18:55:51 d2.utils.events]: [0m eta: 16:35:39  iter: 2579  total_loss: 4.556  loss_cls: 0.1282  loss_box_reg: 0.1448  loss_keypoint: 4.195  loss_rpn_cls: 0.04593  loss_rpn_loc: 0.05159  time: 0.6829  data_time: 0.0259  lr: 0.015  max_mem: 6420M
[32m[11/12 18:56:05 d2.utils.events]: [0m eta: 16:36:19  iter: 2599  total_loss: 4.621  loss_cls: 0.1256  loss_box_reg: 0.1339  loss_keypoint: 4.226  loss_rpn_cls: 0.05322  loss_rpn_loc: 0.04827  time: 0.6830  data_time: 0.0381  lr: 0.015  max_mem: 6420M
[32m[11/12 18:56:19 d2.utils.events]: [0m eta: 16:36:18  iter: 2619  total_loss: 4.633  loss_cls: 0.1314  loss_box_reg: 0.1364  loss_keypoint: 4.306  loss_rpn_cls: 0.04081  loss_rpn_loc: 0.04583  time: 0.6831  data_time: 0.0318  lr: 0.015  max_mem: 6420M
[32m[11/12 18:56:42 d2.utils.events]: [0m eta: 16:35:55  iter: 2639  total_loss: 4.54  loss_cls: 0.1343  loss_box_reg: 0.1337  loss_keypoint: 4.205  loss_rpn_cls: 0.03381  loss_rpn_loc: 0.04179  time: 0.6867  data_time: 0.5023  lr: 0.015  max_mem: 6420M
[32m[11/12 18:56:55 d2.utils.events]: [0m eta: 16:34:52  iter: 2659  total_loss: 4.65  loss_cls: 0.1141  loss_box_reg: 0.1224  loss_keypoint: 4.256  loss_rpn_cls: 0.03824  loss_rpn_loc: 0.03689  time: 0.6865  data_time: 0.0250  lr: 0.015  max_mem: 6420M
[32m[11/12 18:57:09 d2.utils.events]: [0m eta: 16:35:02  iter: 2679  total_loss: 4.592  loss_cls: 0.1258  loss_box_reg: 0.1395  loss_keypoint: 4.264  loss_rpn_cls: 0.03913  loss_rpn_loc: 0.04097  time: 0.6866  data_time: 0.0316  lr: 0.015  max_mem: 6420M
[32m[11/12 18:57:22 d2.utils.events]: [0m eta: 16:34:07  iter: 2699  total_loss: 4.598  loss_cls: 0.133  loss_box_reg: 0.135  loss_keypoint: 4.212  loss_rpn_cls: 0.04606  loss_rpn_loc: 0.05071  time: 0.6864  data_time: 0.0318  lr: 0.015  max_mem: 6420M
[32m[11/12 18:57:36 d2.utils.events]: [0m eta: 16:33:54  iter: 2719  total_loss: 4.705  loss_cls: 0.1249  loss_box_reg: 0.1303  loss_keypoint: 4.318  loss_rpn_cls: 0.04591  loss_rpn_loc: 0.0489  time: 0.6864  data_time: 0.0345  lr: 0.015  max_mem: 6420M
[32m[11/12 18:57:49 d2.utils.events]: [0m eta: 16:33:40  iter: 2739  total_loss: 4.669  loss_cls: 0.1279  loss_box_reg: 0.1345  loss_keypoint: 4.335  loss_rpn_cls: 0.04083  loss_rpn_loc: 0.04177  time: 0.6863  data_time: 0.0370  lr: 0.015  max_mem: 6420M
[32m[11/12 18:58:03 d2.utils.events]: [0m eta: 16:33:19  iter: 2759  total_loss: 4.751  loss_cls: 0.1304  loss_box_reg: 0.1332  loss_keypoint: 4.331  loss_rpn_cls: 0.04197  loss_rpn_loc: 0.05435  time: 0.6863  data_time: 0.0312  lr: 0.015  max_mem: 6420M
[32m[11/12 18:58:17 d2.utils.events]: [0m eta: 16:33:30  iter: 2779  total_loss: 4.563  loss_cls: 0.1165  loss_box_reg: 0.1181  loss_keypoint: 4.215  loss_rpn_cls: 0.03922  loss_rpn_loc: 0.04534  time: 0.6862  data_time: 0.0363  lr: 0.015  max_mem: 6420M
[32m[11/12 18:58:31 d2.utils.events]: [0m eta: 16:33:45  iter: 2799  total_loss: 4.609  loss_cls: 0.1343  loss_box_reg: 0.1378  loss_keypoint: 4.257  loss_rpn_cls: 0.04887  loss_rpn_loc: 0.04621  time: 0.6864  data_time: 0.0328  lr: 0.015  max_mem: 6420M
[32m[11/12 18:58:45 d2.utils.events]: [0m eta: 16:33:41  iter: 2819  total_loss: 4.499  loss_cls: 0.1391  loss_box_reg: 0.1443  loss_keypoint: 4.13  loss_rpn_cls: 0.04284  loss_rpn_loc: 0.04488  time: 0.6864  data_time: 0.0362  lr: 0.015  max_mem: 6420M
[32m[11/12 18:58:59 d2.utils.events]: [0m eta: 16:32:44  iter: 2839  total_loss: 4.625  loss_cls: 0.135  loss_box_reg: 0.1451  loss_keypoint: 4.245  loss_rpn_cls: 0.04491  loss_rpn_loc: 0.04723  time: 0.6864  data_time: 0.0339  lr: 0.015  max_mem: 6420M
[32m[11/12 18:59:13 d2.utils.events]: [0m eta: 16:33:29  iter: 2859  total_loss: 4.523  loss_cls: 0.1353  loss_box_reg: 0.1474  loss_keypoint: 4.192  loss_rpn_cls: 0.04507  loss_rpn_loc: 0.04497  time: 0.6865  data_time: 0.0248  lr: 0.015  max_mem: 6420M
[32m[11/12 18:59:26 d2.utils.events]: [0m eta: 16:32:49  iter: 2879  total_loss: 4.578  loss_cls: 0.1266  loss_box_reg: 0.136  loss_keypoint: 4.258  loss_rpn_cls: 0.04335  loss_rpn_loc: 0.04331  time: 0.6865  data_time: 0.0343  lr: 0.015  max_mem: 6420M
[32m[11/12 18:59:40 d2.utils.events]: [0m eta: 16:32:03  iter: 2899  total_loss: 4.638  loss_cls: 0.1406  loss_box_reg: 0.1418  loss_keypoint: 4.244  loss_rpn_cls: 0.04855  loss_rpn_loc: 0.04938  time: 0.6865  data_time: 0.0405  lr: 0.015  max_mem: 6420M
[32m[11/12 18:59:54 d2.utils.events]: [0m eta: 16:31:50  iter: 2919  total_loss: 4.518  loss_cls: 0.129  loss_box_reg: 0.1437  loss_keypoint: 4.134  loss_rpn_cls: 0.03792  loss_rpn_loc: 0.04795  time: 0.6866  data_time: 0.0313  lr: 0.015  max_mem: 6420M
[32m[11/12 19:00:08 d2.utils.events]: [0m eta: 16:31:53  iter: 2939  total_loss: 4.646  loss_cls: 0.1421  loss_box_reg: 0.1435  loss_keypoint: 4.26  loss_rpn_cls: 0.0373  loss_rpn_loc: 0.04109  time: 0.6865  data_time: 0.0344  lr: 0.015  max_mem: 6420M
[32m[11/12 19:00:22 d2.utils.events]: [0m eta: 16:31:15  iter: 2959  total_loss: 4.562  loss_cls: 0.1354  loss_box_reg: 0.1447  loss_keypoint: 4.196  loss_rpn_cls: 0.0395  loss_rpn_loc: 0.0429  time: 0.6865  data_time: 0.0260  lr: 0.015  max_mem: 6420M
[32m[11/12 19:00:36 d2.utils.events]: [0m eta: 16:31:40  iter: 2979  total_loss: 4.498  loss_cls: 0.1321  loss_box_reg: 0.1438  loss_keypoint: 4.113  loss_rpn_cls: 0.03943  loss_rpn_loc: 0.04292  time: 0.6868  data_time: 0.0404  lr: 0.015  max_mem: 6420M
[32m[11/12 19:00:50 d2.utils.events]: [0m eta: 16:32:42  iter: 2999  total_loss: 4.51  loss_cls: 0.1285  loss_box_reg: 0.1528  loss_keypoint: 4.167  loss_rpn_cls: 0.05004  loss_rpn_loc: 0.05508  time: 0.6868  data_time: 0.0309  lr: 0.015  max_mem: 6420M
[32m[11/12 19:01:04 d2.utils.events]: [0m eta: 16:31:56  iter: 3019  total_loss: 4.477  loss_cls: 0.1224  loss_box_reg: 0.1437  loss_keypoint: 4.124  loss_rpn_cls: 0.04266  loss_rpn_loc: 0.04054  time: 0.6869  data_time: 0.0350  lr: 0.015  max_mem: 6420M
[32m[11/12 19:01:18 d2.utils.events]: [0m eta: 16:31:42  iter: 3039  total_loss: 4.556  loss_cls: 0.1218  loss_box_reg: 0.1268  loss_keypoint: 4.241  loss_rpn_cls: 0.03709  loss_rpn_loc: 0.04869  time: 0.6869  data_time: 0.0314  lr: 0.015  max_mem: 6420M
[32m[11/12 19:01:32 d2.utils.events]: [0m eta: 16:32:01  iter: 3059  total_loss: 4.61  loss_cls: 0.1294  loss_box_reg: 0.1304  loss_keypoint: 4.205  loss_rpn_cls: 0.03372  loss_rpn_loc: 0.04393  time: 0.6870  data_time: 0.0230  lr: 0.015  max_mem: 6420M
[32m[11/12 19:01:46 d2.utils.events]: [0m eta: 16:31:33  iter: 3079  total_loss: 4.42  loss_cls: 0.1253  loss_box_reg: 0.1325  loss_keypoint: 4.114  loss_rpn_cls: 0.04307  loss_rpn_loc: 0.0377  time: 0.6870  data_time: 0.0337  lr: 0.015  max_mem: 6420M
[32m[11/12 19:01:59 d2.utils.events]: [0m eta: 16:30:36  iter: 3099  total_loss: 4.561  loss_cls: 0.1307  loss_box_reg: 0.1357  loss_keypoint: 4.179  loss_rpn_cls: 0.04252  loss_rpn_loc: 0.04951  time: 0.6869  data_time: 0.0296  lr: 0.015  max_mem: 6420M
[32m[11/12 19:02:13 d2.utils.events]: [0m eta: 16:30:05  iter: 3119  total_loss: 4.566  loss_cls: 0.1377  loss_box_reg: 0.141  loss_keypoint: 4.198  loss_rpn_cls: 0.03857  loss_rpn_loc: 0.04399  time: 0.6868  data_time: 0.0270  lr: 0.015  max_mem: 6420M
[32m[11/12 19:02:27 d2.utils.events]: [0m eta: 16:29:58  iter: 3139  total_loss: 4.525  loss_cls: 0.1333  loss_box_reg: 0.1484  loss_keypoint: 4.151  loss_rpn_cls: 0.03776  loss_rpn_loc: 0.04763  time: 0.6869  data_time: 0.0274  lr: 0.015  max_mem: 6420M
[32m[11/12 19:02:41 d2.utils.events]: [0m eta: 16:29:45  iter: 3159  total_loss: 4.547  loss_cls: 0.1449  loss_box_reg: 0.1531  loss_keypoint: 4.138  loss_rpn_cls: 0.04903  loss_rpn_loc: 0.05397  time: 0.6869  data_time: 0.0283  lr: 0.015  max_mem: 6420M
[32m[11/12 19:02:55 d2.utils.events]: [0m eta: 16:29:50  iter: 3179  total_loss: 4.641  loss_cls: 0.1195  loss_box_reg: 0.1237  loss_keypoint: 4.282  loss_rpn_cls: 0.04183  loss_rpn_loc: 0.04253  time: 0.6870  data_time: 0.0308  lr: 0.015  max_mem: 6420M
[32m[11/12 19:03:08 d2.utils.events]: [0m eta: 16:29:36  iter: 3199  total_loss: 4.683  loss_cls: 0.1433  loss_box_reg: 0.1602  loss_keypoint: 4.317  loss_rpn_cls: 0.04262  loss_rpn_loc: 0.04827  time: 0.6870  data_time: 0.0329  lr: 0.015  max_mem: 6420M
[32m[11/12 19:03:23 d2.utils.events]: [0m eta: 16:29:39  iter: 3219  total_loss: 4.571  loss_cls: 0.1235  loss_box_reg: 0.1357  loss_keypoint: 4.228  loss_rpn_cls: 0.04102  loss_rpn_loc: 0.03761  time: 0.6871  data_time: 0.0353  lr: 0.015  max_mem: 6420M
[32m[11/12 19:03:36 d2.utils.events]: [0m eta: 16:29:14  iter: 3239  total_loss: 4.552  loss_cls: 0.1274  loss_box_reg: 0.145  loss_keypoint: 4.199  loss_rpn_cls: 0.03269  loss_rpn_loc: 0.04339  time: 0.6870  data_time: 0.0284  lr: 0.015  max_mem: 6420M
[32m[11/12 19:03:50 d2.utils.events]: [0m eta: 16:29:01  iter: 3259  total_loss: 4.535  loss_cls: 0.1323  loss_box_reg: 0.1408  loss_keypoint: 4.124  loss_rpn_cls: 0.04276  loss_rpn_loc: 0.05129  time: 0.6871  data_time: 0.0236  lr: 0.015  max_mem: 6420M
[32m[11/12 19:04:04 d2.utils.events]: [0m eta: 16:28:42  iter: 3279  total_loss: 4.475  loss_cls: 0.1108  loss_box_reg: 0.1086  loss_keypoint: 4.151  loss_rpn_cls: 0.04252  loss_rpn_loc: 0.0472  time: 0.6870  data_time: 0.0345  lr: 0.015  max_mem: 6420M
